0 verbose cli C:\nvm4w\nodejs\node.exe D:\resource\wintool\nvm-windows-master\nvm\v18.20.1\node_modules\npm\bin\npm-cli.js
1 info using npm@10.5.0
2 info using node@v18.20.1
3 timing npm:load:whichnode Completed in 1ms
4 timing config:load:defaults Completed in 1ms
5 timing config:load:file:D:\resource\wintool\nvm-windows-master\nvm\v18.20.1\node_modules\npm\npmrc Completed in 0ms
6 timing config:load:builtin Completed in 0ms
7 timing config:load:cli Completed in 2ms
8 timing config:load:env Completed in 0ms
9 timing config:load:file:D:\programss\p2\.npmrc Completed in 0ms
10 timing config:load:project Completed in 3ms
11 timing config:load:file:C:\Users\33671\.npmrc Completed in 1ms
12 timing config:load:user Completed in 1ms
13 timing config:load:file:C:\nvm4w\nodejs\etc\npmrc Completed in 0ms
14 timing config:load:global Completed in 0ms
15 timing config:load:setEnvs Completed in 1ms
16 timing config:load Completed in 8ms
17 timing npm:load:configload Completed in 8ms
18 timing config:load:flatten Completed in 2ms
19 timing npm:load:mkdirpcache Completed in 0ms
20 timing npm:load:mkdirplogs Completed in 0ms
21 verbose title npm exec pyright app tests
22 verbose argv "exec" "--yes" "--" "pyright" "app" "tests"
23 timing npm:load:setTitle Completed in 0ms
24 timing npm:load:display Completed in 1ms
25 verbose logfile logs-max:10 dir:D:\programss\p2\.npm-cache\_logs\2026-03-28T06_12_45_089Z-
26 verbose logfile D:\programss\p2\.npm-cache\_logs\2026-03-28T06_12_45_089Z-debug-0.log
27 timing npm:load:logFile Completed in 5ms
28 timing npm:load:timers Completed in 0ms
29 timing npm:load:configScope Completed in 0ms
30 timing npm:load Completed in 50ms
31 silly logfile done cleaning log files
32 timing arborist:ctor Completed in 0ms
33 http fetch GET 200 https://registry.npmjs.org/npm 3276ms
34 http fetch GET 200 https://registry.npmjs.org/pyright 4179ms (cache miss)
35 timing arborist:ctor Completed in 0ms
36 timing arborist:ctor Completed in 1ms
37 timing arborist:ctor Completed in 0ms
38 timing idealTree:init Completed in 3ms
39 timing idealTree:userRequests Completed in 1ms
40 silly idealTree buildDeps
41 silly fetch manifest pyright@1.1.408
42 http fetch GET 200 https://registry.npmjs.org/pyright 3178ms (cache miss)
43 silly placeDep ROOT pyright@1.1.408 OK for:  want: 1.1.408
44 silly fetch manifest fsevents@~2.3.3
45 http fetch GET 200 https://registry.npmjs.org/fsevents 737ms (cache miss)
46 timing idealTree:#root Completed in 3931ms
47 silly placeDep ROOT fsevents@2.3.3 OK for: pyright@1.1.408 want: ~2.3.3
48 timing idealTree:node_modules/pyright Completed in 1ms
49 timing idealTree:node_modules/fsevents Completed in 0ms
50 timing idealTree:buildDeps Completed in 3932ms
51 timing idealTree:fixDepFlags Completed in 0ms
52 timing idealTree Completed in 3937ms
53 timing reify:loadTrees Completed in 3937ms
54 timing reify:diffTrees Completed in 0ms
55 silly reify moves {}
56 timing reify:retireShallow Completed in 0ms
57 timing reify:createSparse Completed in 0ms
58 timing reify:loadBundles Completed in 0ms
59 silly audit bulk request { pyright: [ '1.1.408' ], fsevents: [ '2.3.3' ] }
60 verbose reify failed optional dependency D:\programss\p2\.npm-cache\_npx\110e52990071af13\node_modules\fsevents
61 silly reify mark deleted [
61 silly reify   'D:\\programss\\p2\\.npm-cache\\_npx\\110e52990071af13\\node_modules\\fsevents'
61 silly reify ]
62 timing reifyNode:node_modules/fsevents Completed in 3ms
63 silly tarball no local data for pyright@https://registry.npmjs.org/pyright/-/pyright-1.1.408.tgz. Extracting by manifest.
64 http fetch POST 200 https://registry.npmjs.org/-/npm/v1/security/advisories/bulk 272ms
65 timing auditReport:getReport Completed in 274ms
66 silly audit report {}
67 timing auditReport:init Completed in 0ms
68 timing reify:audit Completed in 274ms
69 http fetch GET 200 https://registry.npmjs.org/pyright/-/pyright-1.1.408.tgz 30263ms (cache miss)
70 timing reifyNode:node_modules/pyright Completed in 30269ms
71 timing reify:unpack Completed in 30270ms
72 timing reify:unretire Completed in 0ms
73 timing build:queue Completed in 1ms
74 timing build:link:node_modules/pyright Completed in 15ms
75 timing build:link Completed in 15ms
76 timing build:run:install Completed in 1ms
77 timing build:deps Completed in 17ms
78 timing build Completed in 17ms
79 timing reify:build Completed in 17ms
80 timing reify:trash Completed in 0ms
81 timing reify:save Completed in 5ms
82 timing reify Completed in 34237ms
83 timing command:exec Completed in 40163ms
84 notice
84 notice New major version of npm available! 10.5.0 -> 11.12.1
84 notice Changelog: <https://github.com/npm/cli/releases/tag/v11.12.1>
84 notice Run `npm install -g npm@11.12.1` to update!
84 notice
85 verbose exit 1
86 timing npm Completed in 40394ms
87 verbose code 1
