0 verbose cli C:\nvm4w\nodejs\node.exe D:\resource\wintool\nvm-windows-master\nvm\v18.20.1\node_modules\npm\bin\npm-cli.js
1 info using npm@10.5.0
2 info using node@v18.20.1
3 timing npm:load:whichnode Completed in 2ms
4 timing config:load:defaults Completed in 1ms
5 timing config:load:file:D:\resource\wintool\nvm-windows-master\nvm\v18.20.1\node_modules\npm\npmrc Completed in 1ms
6 timing config:load:builtin Completed in 1ms
7 timing config:load:cli Completed in 1ms
8 timing config:load:env Completed in 0ms
9 timing config:load:project Completed in 3ms
10 timing config:load:file:C:\Users\33671\.npmrc Completed in 1ms
11 timing config:load:user Completed in 1ms
12 timing config:load:file:C:\nvm4w\nodejs\etc\npmrc Completed in 1ms
13 timing config:load:global Completed in 1ms
14 timing config:load:setEnvs Completed in 0ms
15 timing config:load Completed in 8ms
16 timing npm:load:configload Completed in 8ms
17 timing config:load:flatten Completed in 1ms
18 timing npm:load:mkdirpcache Completed in 0ms
19 timing npm:load:mkdirplogs Completed in 1ms
20 verbose title npm exec pyright
21 verbose argv "exec" "--" "pyright"
22 timing npm:load:setTitle Completed in 1ms
23 timing npm:load:display Completed in 0ms
24 verbose logfile logs-max:10 dir:C:\Users\33671\p2\p2\.npm-cache\_logs\2026-03-28T07_37_46_663Z-
25 verbose logfile C:\Users\33671\p2\p2\.npm-cache\_logs\2026-03-28T07_37_46_663Z-debug-0.log
26 timing npm:load:logFile Completed in 8ms
27 timing npm:load:timers Completed in 0ms
28 timing npm:load:configScope Completed in 0ms
29 timing npm:load Completed in 57ms
30 silly logfile done cleaning log files
31 timing arborist:ctor Completed in 0ms
32 timing arborist:ctor Completed in 0ms
33 http fetch GET 200 https://registry.npmjs.org/pyright 2036ms (cache revalidated)
34 timing arborist:ctor Completed in 0ms
35 timing arborist:ctor Completed in 0ms
36 timing arborist:ctor Completed in 0ms
37 timing command:exec Completed in 3657ms
38 verbose exit 1
39 timing npm Completed in 3920ms
40 verbose code 1
