0 verbose cli C:\nvm4w\nodejs\node.exe D:\resource\wintool\nvm-windows-master\nvm\v18.20.1\node_modules\npm\bin\npm-cli.js
1 info using npm@10.5.0
2 info using node@v18.20.1
3 timing npm:load:whichnode Completed in 1ms
4 timing config:load:defaults Completed in 2ms
5 timing config:load:file:D:\resource\wintool\nvm-windows-master\nvm\v18.20.1\node_modules\npm\npmrc Completed in 0ms
6 timing config:load:builtin Completed in 0ms
7 timing config:load:cli Completed in 1ms
8 timing config:load:env Completed in 1ms
9 timing config:load:project Completed in 2ms
10 timing config:load:file:C:\Users\33671\.npmrc Completed in 1ms
11 timing config:load:user Completed in 1ms
12 timing config:load:file:C:\nvm4w\nodejs\etc\npmrc Completed in 0ms
13 timing config:load:global Completed in 1ms
14 timing config:load:setEnvs Completed in 0ms
15 timing config:load Completed in 8ms
16 timing npm:load:configload Completed in 8ms
17 timing config:load:flatten Completed in 2ms
18 timing npm:load:mkdirpcache Completed in 0ms
19 timing npm:load:mkdirplogs Completed in 1ms
20 verbose title npm exec pyright
21 verbose argv "exec" "--" "pyright"
22 timing npm:load:setTitle Completed in 0ms
23 timing npm:load:display Completed in 1ms
24 verbose logfile logs-max:10 dir:C:\Users\33671\p2\p2\.npm-cache\_logs\2026-03-28T07_00_36_214Z-
25 verbose logfile C:\Users\33671\p2\p2\.npm-cache\_logs\2026-03-28T07_00_36_214Z-debug-0.log
26 timing npm:load:logFile Completed in 6ms
27 timing npm:load:timers Completed in 0ms
28 timing npm:load:configScope Completed in 0ms
29 timing npm:load Completed in 53ms
30 silly logfile done cleaning log files
31 timing arborist:ctor Completed in 0ms
32 timing arborist:ctor Completed in 0ms
33 http fetch GET 200 https://registry.npmjs.org/pyright 987ms (cache revalidated)
34 timing arborist:ctor Completed in 0ms
35 timing arborist:ctor Completed in 0ms
36 verbose shrinkwrap failed to load node_modules/.package-lock.json out of date, updated: node_modules
37 warn exec The following package was not found and will be installed: pyright@1.1.408
38 timing idealTree:init Completed in 2ms
39 timing idealTree:userRequests Completed in 0ms
40 silly idealTree buildDeps
41 silly fetch manifest pyright@1.1.408
42 http fetch GET 200 https://registry.npmjs.org/pyright 913ms (cache revalidated)
43 silly placeDep ROOT pyright@1.1.408 REPLACE for:  want: 1.1.408
44 timing idealTree:#root Completed in 922ms
45 timing idealTree:node_modules/pyright Completed in 0ms
46 timing idealTree:buildDeps Completed in 923ms
47 timing idealTree:fixDepFlags Completed in 0ms
48 timing idealTree Completed in 927ms
49 timing reify:loadTrees Completed in 927ms
50 timing reify:diffTrees Completed in 1ms
51 silly reify moves {}
52 timing reify:retireShallow Completed in 1ms
53 timing reify:createSparse Completed in 1ms
54 timing reify:loadBundles Completed in 0ms
55 silly audit bulk request { fsevents: [ '2.3.3' ], pyright: [ '1.1.408' ] }
56 verbose reify failed optional dependency C:\Users\33671\p2\p2\.npm-cache\_npx\110e52990071af13\node_modules\fsevents
57 silly reify mark deleted [
57 silly reify   'C:\\Users\\33671\\p2\\p2\\.npm-cache\\_npx\\110e52990071af13\\node_modules\\fsevents'
57 silly reify ]
58 timing reifyNode:node_modules/fsevents Completed in 1ms
59 timing reify:unpack Completed in 1ms
60 timing reify:unretire Completed in 0ms
61 timing build:queue Completed in 0ms
62 timing build:deps Completed in 0ms
63 timing build Completed in 0ms
64 timing reify:build Completed in 1ms
65 timing reify:trash Completed in 1ms
66 timing reify:save Completed in 3ms
67 http fetch POST 200 https://registry.npmjs.org/-/npm/v1/security/advisories/bulk 1189ms
68 timing auditReport:getReport Completed in 1191ms
69 silly audit report {}
70 timing auditReport:init Completed in 0ms
71 timing reify:audit Completed in 1191ms
72 timing reify Completed in 2122ms
73 timing command:exec Completed in 4944ms
74 verbose exit 0
75 timing npm Completed in 5196ms
76 info ok
