0 verbose cli C:\nvm4w\nodejs\node.exe D:\resource\wintool\nvm-windows-master\nvm\v18.20.1\node_modules\npm\bin\npm-cli.js
1 info using npm@10.5.0
2 info using node@v18.20.1
3 timing npm:load:whichnode Completed in 1ms
4 timing config:load:defaults Completed in 1ms
5 timing config:load:file:D:\resource\wintool\nvm-windows-master\nvm\v18.20.1\node_modules\npm\npmrc Completed in 0ms
6 timing config:load:builtin Completed in 0ms
7 timing config:load:cli Completed in 2ms
8 timing config:load:env Completed in 0ms
9 timing config:load:file:D:\programss\p2\.npmrc Completed in 0ms
10 timing config:load:project Completed in 3ms
11 timing config:load:file:C:\Users\33671\.npmrc Completed in 1ms
12 timing config:load:user Completed in 1ms
13 timing config:load:file:C:\nvm4w\nodejs\etc\npmrc Completed in 0ms
14 timing config:load:global Completed in 0ms
15 timing config:load:setEnvs Completed in 1ms
16 timing config:load Completed in 8ms
17 timing npm:load:configload Completed in 9ms
18 timing config:load:flatten Completed in 1ms
19 timing npm:load:mkdirpcache Completed in 1ms
20 timing npm:load:mkdirplogs Completed in 0ms
21 verbose title npm exec node -e const {JSDOM, VirtualConsole} = require('jsdom'); const vc = new VirtualConsole(); vc.on('log', (...a)=>console.log('LOG', ...a)); vc.on('error', (...a)=>console.log('VCERROR', ...a)); vc.on('warn', (...a)=>console.log('WARN', ...a)); vc.on('jsdomError', e=>console.log('JSDOMERROR', e && (e.stack || e.message || e))); JSDOM.fromURL('http://127.0.0.1:8017/desktop/', { resources:'usable', runScripts:'dangerously', pretendToBeVisual:true, virtualConsole: vc }).then(dom => { dom.window.addEventListener('error', e => console.log('WINDOWERROR', e.error ? (e.error.stack || e.error.message) : e.message)); dom.window.addEventListener('unhandledrejection', e => console.log('REJECTION', e.reason && (e.reason.stack || e.reason.message || e.reason))); setTimeout(() => { const root = dom.window.document.getElementById('root'); console.log('READY', dom.window.document.readyState); console.log('ROOTLEN', root ? root.innerHTML.length : -1); console.log('ROOTHTML', root ? root.innerHTML.slice(0, 1500) : 'NO_ROOT'); process.exit(0); }, 8000); }).catch(err => { console.error('BOOTFAIL', err.stack || err); process.exit(1); });
22 verbose argv "exec" "--yes" "--package" "jsdom@24" "--" "node" "-e" "const {JSDOM, VirtualConsole} = require('jsdom'); const vc = new VirtualConsole(); vc.on('log', (...a)=>console.log('LOG', ...a)); vc.on('error', (...a)=>console.log('VCERROR', ...a)); vc.on('warn', (...a)=>console.log('WARN', ...a)); vc.on('jsdomError', e=>console.log('JSDOMERROR', e && (e.stack || e.message || e))); JSDOM.fromURL('http://127.0.0.1:8017/desktop/', { resources:'usable', runScripts:'dangerously', pretendToBeVisual:true, virtualConsole: vc }).then(dom => { dom.window.addEventListener('error', e => console.log('WINDOWERROR', e.error ? (e.error.stack || e.error.message) : e.message)); dom.window.addEventListener('unhandledrejection', e => console.log('REJECTION', e.reason && (e.reason.stack || e.reason.message || e.reason))); setTimeout(() => { const root = dom.window.document.getElementById('root'); console.log('READY', dom.window.document.readyState); console.log('ROOTLEN', root ? root.innerHTML.length : -1); console.log('ROOTHTML', root ? root.innerHTML.slice(0, 1500) : 'NO_ROOT'); process.exit(0); }, 8000); }).catch(err => { console.error('BOOTFAIL', err.stack || err); process.exit(1); });"
23 timing npm:load:setTitle Completed in 3ms
24 timing npm:load:display Completed in 0ms
25 verbose logfile logs-max:10 dir:D:\programss\p2\.tmp\npm-cache\_logs\2026-03-29T06_41_01_782Z-
26 verbose logfile D:\programss\p2\.tmp\npm-cache\_logs\2026-03-29T06_41_01_782Z-debug-0.log
27 timing npm:load:logFile Completed in 6ms
28 timing npm:load:timers Completed in 0ms
29 timing npm:load:configScope Completed in 0ms
30 timing npm:load Completed in 60ms
31 timing arborist:ctor Completed in 0ms
32 silly logfile done cleaning log files
33 http fetch GET 200 https://registry.npmjs.org/jsdom 1993ms (cache revalidated)
34 timing arborist:ctor Completed in 0ms
35 timing arborist:ctor Completed in 0ms
36 timing idealTree:init Completed in 21ms
37 timing idealTree:userRequests Completed in 1ms
38 silly idealTree buildDeps
39 silly fetch manifest jsdom@24.1.3
40 http fetch GET 200 https://registry.npmjs.org/jsdom 7ms (cache hit)
41 silly fetch manifest canvas@^2.11.2
42 http fetch GET 200 https://registry.npmjs.org/canvas 4ms (cache hit)
43 silly placeDep ROOT jsdom@24.1.3 REPLACE for:  want: 24.1.3
44 timing idealTree:#root Completed in 26ms
45 timing idealTree:node_modules/jsdom Completed in 0ms
46 timing idealTree:buildDeps Completed in 26ms
47 timing idealTree:fixDepFlags Completed in 1ms
48 timing idealTree Completed in 50ms
49 timing reify:loadTrees Completed in 50ms
50 timing reify:diffTrees Completed in 1ms
51 silly reify mark retired [
51 silly reify   'D:\\programss\\p2\\.tmp\\npm-cache\\_npx\\35cdadca3c7d5854\\node_modules\\jsdom'
51 silly reify ]
52 silly reify moves {
52 silly reify   'D:\\programss\\p2\\.tmp\\npm-cache\\_npx\\35cdadca3c7d5854\\node_modules\\jsdom': 'D:\\programss\\p2\\.tmp\\npm-cache\\_npx\\35cdadca3c7d5854\\node_modules\\.jsdom-O6C6SLDo'
52 silly reify }
53 timing reify:retireShallow Completed in 3ms
54 timing reify:createSparse Completed in 0ms
55 timing reify:loadBundles Completed in 0ms
56 silly audit bulk request {
56 silly audit   'call-bind-apply-helpers': [ '1.0.2' ],
56 silly audit   'agent-base': [ '7.1.4' ],
56 silly audit   'combined-stream': [ '1.0.8' ],
56 silly audit   asynckit: [ '0.4.0' ],
56 silly audit   'data-urls': [ '5.0.0' ],
56 silly audit   debug: [ '4.4.3' ],
56 silly audit   'decimal.js': [ '10.6.0' ],
56 silly audit   cssstyle: [ '4.6.0' ],
56 silly audit   'rrweb-cssom': [ '0.8.0', '0.7.1' ],
56 silly audit   'delayed-stream': [ '1.0.0' ],
56 silly audit   'dunder-proto': [ '1.0.1' ],
56 silly audit   entities: [ '6.0.1' ],
56 silly audit   'es-define-property': [ '1.0.1' ],
56 silly audit   'es-errors': [ '1.3.0' ],
56 silly audit   'es-object-atoms': [ '1.1.1' ],
56 silly audit   'form-data': [ '4.0.5' ],
56 silly audit   'es-set-tostringtag': [ '2.1.0' ],
56 silly audit   'function-bind': [ '1.1.2' ],
56 silly audit   hasown: [ '2.0.2' ],
56 silly audit   'get-intrinsic': [ '1.3.0' ],
56 silly audit   gopd: [ '1.2.0' ],
56 silly audit   'get-proto': [ '1.0.1' ],
56 silly audit   'has-tostringtag': [ '1.0.2' ],
56 silly audit   'has-symbols': [ '1.1.0' ],
56 silly audit   'html-encoding-sniffer': [ '4.0.0' ],
56 silly audit   'iconv-lite': [ '0.6.3' ],
56 silly audit   'https-proxy-agent': [ '7.0.6' ],
56 silly audit   'http-proxy-agent': [ '7.0.2' ],
56 silly audit   'lru-cache': [ '10.4.3' ],
56 silly audit   'is-potential-custom-element-name': [ '1.0.1' ],
56 silly audit   'mime-types': [ '2.1.35' ],
56 silly audit   ms: [ '2.1.3' ],
56 silly audit   'math-intrinsics': [ '1.1.0' ],
56 silly audit   'mime-db': [ '1.52.0' ],
56 silly audit   nwsapi: [ '2.2.23' ],
56 silly audit   parse5: [ '7.3.0' ],
56 silly audit   psl: [ '1.15.0' ],
56 silly audit   punycode: [ '2.3.1' ],
56 silly audit   querystringify: [ '2.2.0' ],
56 silly audit   'requires-port': [ '1.0.0' ],
56 silly audit   'safer-buffer': [ '2.1.2' ],
56 silly audit   'symbol-tree': [ '3.2.4' ],
56 silly audit   saxes: [ '6.0.0' ],
56 silly audit   'url-parse': [ '1.5.10' ],
56 silly audit   'tough-cookie': [ '4.1.4' ],
56 silly audit   universalify: [ '0.2.0' ],
56 silly audit   'w3c-xmlserializer': [ '5.0.0' ],
56 silly audit   'webidl-conversions': [ '7.0.0' ],
56 silly audit   'whatwg-mimetype': [ '4.0.0' ],
56 silly audit   tr46: [ '5.1.1' ],
56 silly audit   'whatwg-encoding': [ '3.1.1' ],
56 silly audit   'whatwg-url': [ '14.2.0' ],
56 silly audit   '@asamuzakjp/css-color': [ '3.2.0' ],
56 silly audit   xmlchars: [ '2.2.0' ],
56 silly audit   'xml-name-validator': [ '5.0.0' ],
56 silly audit   ws: [ '8.20.0' ],
56 silly audit   '@csstools/css-calc': [ '2.1.4' ],
56 silly audit   '@csstools/css-color-parser': [ '3.1.0' ],
56 silly audit   '@csstools/color-helpers': [ '5.1.0' ],
56 silly audit   '@csstools/css-parser-algorithms': [ '3.0.5' ],
56 silly audit   '@csstools/css-tokenizer': [ '3.0.4' ],
56 silly audit   jsdom: [ '24.1.3' ]
56 silly audit }
57 silly tarball no local data for jsdom@https://registry.npmjs.org/jsdom/-/jsdom-24.1.3.tgz. Extracting by manifest.
58 http fetch POST 200 https://registry.npmjs.org/-/npm/v1/security/advisories/bulk 295ms
59 timing auditReport:getReport Completed in 296ms
60 silly audit report {}
61 timing auditReport:init Completed in 0ms
62 timing reify:audit Completed in 296ms
63 http fetch GET 200 https://registry.npmjs.org/jsdom/-/jsdom-24.1.3.tgz 6175ms (cache miss)
64 timing reifyNode:node_modules/jsdom Completed in 6180ms
65 timing reify:unpack Completed in 6180ms
66 timing reify:unretire Completed in 0ms
67 timing build:queue Completed in 0ms
68 timing build:deps Completed in 0ms
69 timing build Completed in 0ms
70 timing reify:build Completed in 1ms
71 timing reify:trash Completed in 20ms
72 timing reify:save Completed in 19ms
73 timing reify Completed in 6281ms
74 timing command:exec Completed in 8523ms
75 verbose exit 1
76 timing npm Completed in 8776ms
77 verbose code 1
