0 verbose cli C:\nvm4w\nodejs\node.exe C:\nvm4w\nodejs\node_modules\npm\bin\npm-cli.js
1 info using npm@10.5.0
2 info using node@v18.20.1
3 timing npm:load:whichnode Completed in 1ms
4 timing config:load:defaults Completed in 2ms
5 timing config:load:file:D:\resource\wintool\nvm-windows-master\nvm\v18.20.1\node_modules\npm\npmrc Completed in 0ms
6 timing config:load:builtin Completed in 0ms
7 timing config:load:cli Completed in 2ms
8 timing config:load:env Completed in 0ms
9 timing config:load:file:D:\programss\p2\.npmrc Completed in 0ms
10 timing config:load:project Completed in 3ms
11 timing config:load:file:C:\Users\33671\.npmrc Completed in 1ms
12 timing config:load:user Completed in 2ms
13 timing config:load:file:C:\nvm4w\nodejs\etc\npmrc Completed in 0ms
14 timing config:load:global Completed in 0ms
15 timing config:load:setEnvs Completed in 1ms
16 timing config:load Completed in 10ms
17 timing npm:load:configload Completed in 10ms
18 timing config:load:flatten Completed in 2ms
19 timing npm:load:mkdirpcache Completed in 1ms
20 timing npm:load:mkdirplogs Completed in 0ms
21 verbose title npm exec node -e console.log(require.resolve('jsdom'))
22 verbose argv "exec" "--yes" "--package" "jsdom@24" "--" "node" "-e" "console.log(require.resolve('jsdom'))"
23 timing npm:load:setTitle Completed in 1ms
24 timing npm:load:display Completed in 1ms
25 verbose logfile logs-max:10 dir:D:\programss\p2\.tmp\npm-cache\_logs\2026-03-29T06_43_31_196Z-
26 verbose logfile D:\programss\p2\.tmp\npm-cache\_logs\2026-03-29T06_43_31_196Z-debug-0.log
27 timing npm:load:logFile Completed in 6ms
28 timing npm:load:timers Completed in 0ms
29 timing npm:load:configScope Completed in 0ms
30 timing npm:load Completed in 62ms
31 timing arborist:ctor Completed in 0ms
32 silly logfile done cleaning log files
33 http fetch GET 200 https://registry.npmjs.org/jsdom 31566ms (cache revalidated)
34 timing arborist:ctor Completed in 1ms
35 timing arborist:ctor Completed in 1ms
36 timing command:exec Completed in 32633ms
37 verbose exit 1
38 timing npm Completed in 32932ms
39 verbose code 1
