0 verbose cli C:\nvm4w\nodejs\node.exe C:\nvm4w\nodejs\node_modules\npm\bin\npm-cli.js
1 info using npm@10.5.0
2 info using node@v18.20.1
3 timing npm:load:whichnode Completed in 2ms
4 timing config:load:defaults Completed in 2ms
5 timing config:load:file:D:\resource\wintool\nvm-windows-master\nvm\v18.20.1\node_modules\npm\npmrc Completed in 0ms
6 timing config:load:builtin Completed in 0ms
7 timing config:load:cli Completed in 2ms
8 timing config:load:env Completed in 0ms
9 timing config:load:file:D:\programss\p2\.tmp\jsdom-runner\.npmrc Completed in 0ms
10 timing config:load:project Completed in 2ms
11 timing config:load:file:C:\Users\33671\.npmrc Completed in 1ms
12 timing config:load:user Completed in 1ms
13 timing config:load:file:C:\nvm4w\nodejs\etc\npmrc Completed in 0ms
14 timing config:load:global Completed in 0ms
15 timing config:load:setEnvs Completed in 0ms
16 timing config:load Completed in 8ms
17 timing npm:load:configload Completed in 8ms
18 timing config:load:flatten Completed in 1ms
19 timing npm:load:mkdirpcache Completed in 1ms
20 timing npm:load:mkdirplogs Completed in 0ms
21 verbose title npm install jsdom@24
22 verbose argv "install" "jsdom@24" "--no-save"
23 timing npm:load:setTitle Completed in 2ms
24 timing npm:load:display Completed in 0ms
25 verbose logfile logs-max:10 dir:D:\programss\p2\.tmp\npm-cache\_logs\2026-03-29T06_58_20_301Z-
26 verbose logfile D:\programss\p2\.tmp\npm-cache\_logs\2026-03-29T06_58_20_301Z-debug-0.log
27 timing npm:load:logFile Completed in 5ms
28 timing npm:load:timers Completed in 0ms
29 timing npm:load:configScope Completed in 0ms
30 timing npm:load Completed in 46ms
31 timing arborist:ctor Completed in 0ms
32 silly logfile done cleaning log files
33 timing arborist:ctor Completed in 0ms
34 timing idealTree:init Completed in 6ms
35 timing idealTree:userRequests Completed in 2ms
36 silly idealTree buildDeps
37 silly fetch manifest jsdom@24
38 http fetch GET 200 https://registry.npmjs.org/jsdom 12ms (cache hit)
39 silly fetch manifest canvas@^2.11.2
40 http fetch GET 200 https://registry.npmjs.org/canvas 1609ms (cache revalidated)
41 silly placeDep ROOT jsdom@24.1.3 OK for: jsdom-runner@1.0.0 want: 24
42 silly fetch manifest ws@^8.18.0
43 silly fetch manifest saxes@^6.0.0
44 silly fetch manifest nwsapi@^2.2.12
45 silly fetch manifest parse5@^7.1.2
46 silly fetch manifest cssstyle@^4.0.1
47 silly fetch manifest data-urls@^5.0.0
48 silly fetch manifest form-data@^4.0.0
49 silly fetch manifest decimal.js@^10.4.3
50 silly fetch manifest whatwg-url@^14.0.0
51 silly fetch manifest rrweb-cssom@^0.7.1
52 silly fetch manifest symbol-tree@^3.2.4
53 silly fetch manifest tough-cookie@^4.1.4
54 silly fetch manifest whatwg-encoding@^3.1.1
55 silly fetch manifest whatwg-mimetype@^4.0.0
56 silly fetch manifest http-proxy-agent@^7.0.2
57 silly fetch manifest https-proxy-agent@^7.0.5
58 silly fetch manifest w3c-xmlserializer@^5.0.0
59 silly fetch manifest webidl-conversions@^7.0.0
60 silly fetch manifest xml-name-validator@^5.0.0
61 silly fetch manifest html-encoding-sniffer@^4.0.0
62 silly fetch manifest is-potential-custom-element-name@^1.0.1
63 http fetch GET 200 https://registry.npmjs.org/ws 257ms (cache revalidated)
64 http fetch GET 200 https://registry.npmjs.org/http-proxy-agent 899ms (cache revalidated)
65 http fetch GET 200 https://registry.npmjs.org/whatwg-mimetype 919ms (cache revalidated)
66 http fetch GET 200 https://registry.npmjs.org/saxes 923ms (cache revalidated)
67 http fetch GET 200 https://registry.npmjs.org/data-urls 923ms (cache revalidated)
68 http fetch GET 200 https://registry.npmjs.org/cssstyle 924ms (cache revalidated)
69 http fetch GET 200 https://registry.npmjs.org/html-encoding-sniffer 936ms (cache revalidated)
70 http fetch GET 200 https://registry.npmjs.org/xml-name-validator 966ms (cache revalidated)
71 http fetch GET 200 https://registry.npmjs.org/tough-cookie 969ms (cache revalidated)
72 http fetch GET 200 https://registry.npmjs.org/rrweb-cssom 1300ms (cache revalidated)
73 http fetch GET 200 https://registry.npmjs.org/whatwg-encoding 1299ms (cache revalidated)
74 http fetch GET 200 https://registry.npmjs.org/form-data 1620ms (cache revalidated)
75 http fetch GET 200 https://registry.npmjs.org/decimal.js 1688ms (cache revalidated)
76 http fetch GET 200 https://registry.npmjs.org/w3c-xmlserializer 1885ms (cache revalidated)
77 http fetch GET 200 https://registry.npmjs.org/whatwg-url 1908ms (cache revalidated)
78 http fetch GET 200 https://registry.npmjs.org/parse5 2260ms (cache revalidated)
79 http fetch GET 200 https://registry.npmjs.org/is-potential-custom-element-name 2476ms (cache revalidated)
80 http fetch GET 200 https://registry.npmjs.org/webidl-conversions 2947ms (cache revalidated)
81 http fetch GET 200 https://registry.npmjs.org/https-proxy-agent 8915ms (cache revalidated)
82 http fetch GET 200 https://registry.npmjs.org/symbol-tree 12903ms (cache revalidated)
83 http fetch GET 200 https://registry.npmjs.org/nwsapi 43618ms (cache revalidated)
84 timing idealTree:#root Completed in 45259ms
85 silly fetch manifest bufferutil@^4.0.1
86 http fetch GET 200 https://registry.npmjs.org/bufferutil 246ms (cache revalidated)
87 silly fetch manifest utf-8-validate@>=5.0.2
88 http fetch GET 200 https://registry.npmjs.org/utf-8-validate 876ms (cache revalidated)
89 silly placeDep ROOT cssstyle@4.6.0 OK for: jsdom@24.1.3 want: ^4.0.1
90 silly placeDep ROOT data-urls@5.0.0 OK for: jsdom@24.1.3 want: ^5.0.0
91 silly placeDep ROOT decimal.js@10.6.0 OK for: jsdom@24.1.3 want: ^10.4.3
92 silly placeDep ROOT form-data@4.0.5 OK for: jsdom@24.1.3 want: ^4.0.0
93 silly placeDep ROOT html-encoding-sniffer@4.0.0 OK for: jsdom@24.1.3 want: ^4.0.0
94 silly placeDep ROOT http-proxy-agent@7.0.2 OK for: jsdom@24.1.3 want: ^7.0.2
95 silly placeDep ROOT https-proxy-agent@7.0.6 OK for: jsdom@24.1.3 want: ^7.0.5
96 silly placeDep ROOT is-potential-custom-element-name@1.0.1 OK for: jsdom@24.1.3 want: ^1.0.1
97 silly placeDep ROOT nwsapi@2.2.23 OK for: jsdom@24.1.3 want: ^2.2.12
98 silly placeDep ROOT parse5@7.3.0 OK for: jsdom@24.1.3 want: ^7.1.2
99 silly placeDep ROOT rrweb-cssom@0.7.1 OK for: jsdom@24.1.3 want: ^0.7.1
100 silly placeDep ROOT saxes@6.0.0 OK for: jsdom@24.1.3 want: ^6.0.0
101 silly placeDep ROOT symbol-tree@3.2.4 OK for: jsdom@24.1.3 want: ^3.2.4
102 silly placeDep ROOT tough-cookie@4.1.4 OK for: jsdom@24.1.3 want: ^4.1.4
103 silly placeDep ROOT w3c-xmlserializer@5.0.0 OK for: jsdom@24.1.3 want: ^5.0.0
104 silly placeDep ROOT webidl-conversions@7.0.0 OK for: jsdom@24.1.3 want: ^7.0.0
105 silly placeDep ROOT whatwg-encoding@3.1.1 OK for: jsdom@24.1.3 want: ^3.1.1
106 silly placeDep ROOT whatwg-mimetype@4.0.0 OK for: jsdom@24.1.3 want: ^4.0.0
107 silly placeDep ROOT whatwg-url@14.2.0 OK for: jsdom@24.1.3 want: ^14.0.0
108 silly placeDep ROOT ws@8.20.0 OK for: jsdom@24.1.3 want: ^8.18.0
109 silly placeDep ROOT xml-name-validator@5.0.0 OK for: jsdom@24.1.3 want: ^5.0.0
110 silly fetch manifest rrweb-cssom@^0.8.0
111 silly fetch manifest @asamuzakjp/css-color@^3.2.0
112 silly fetch manifest asynckit@^0.4.0
113 silly fetch manifest combined-stream@^1.0.8
114 silly fetch manifest es-set-tostringtag@^2.1.0
115 silly fetch manifest hasown@^2.0.2
116 silly fetch manifest mime-types@^2.1.12
117 silly fetch manifest debug@^4.3.4
118 silly fetch manifest agent-base@^7.1.0
119 silly fetch manifest debug@4
120 silly fetch manifest agent-base@^7.1.2
121 silly fetch manifest entities@^6.0.0
122 silly fetch manifest xmlchars@^2.2.0
123 silly fetch manifest psl@^1.1.33
124 silly fetch manifest punycode@^2.1.1
125 silly fetch manifest url-parse@^1.5.3
126 silly fetch manifest universalify@^0.2.0
127 silly fetch manifest iconv-lite@0.6.3
128 silly fetch manifest tr46@^5.1.0
129 http fetch GET 200 https://registry.npmjs.org/asynckit 275ms (cache revalidated)
130 http fetch GET 200 https://registry.npmjs.org/agent-base 272ms (cache revalidated)
131 http fetch GET 200 https://registry.npmjs.org/xmlchars 271ms (cache revalidated)
132 http fetch GET 200 https://registry.npmjs.org/universalify 271ms (cache revalidated)
133 http fetch GET 200 https://registry.npmjs.org/mime-types 275ms (cache revalidated)
134 http fetch GET 200 https://registry.npmjs.org/psl 274ms (cache revalidated)
135 http fetch GET 200 https://registry.npmjs.org/es-set-tostringtag 281ms (cache revalidated)
136 http fetch GET 200 https://registry.npmjs.org/debug 279ms (cache revalidated)
137 http fetch GET 200 https://registry.npmjs.org/debug 282ms (cache revalidated)
138 http fetch GET 200 https://registry.npmjs.org/agent-base 287ms (cache revalidated)
139 http fetch GET 200 https://registry.npmjs.org/entities 288ms (cache revalidated)
140 http fetch GET 200 https://registry.npmjs.org/combined-stream 294ms (cache revalidated)
141 http fetch GET 200 https://registry.npmjs.org/iconv-lite 503ms (cache revalidated)
142 http fetch GET 200 https://registry.npmjs.org/@asamuzakjp%2fcss-color 888ms (cache revalidated)
143 http fetch GET 200 https://registry.npmjs.org/hasown 957ms (cache revalidated)
144 http fetch GET 200 https://registry.npmjs.org/punycode 953ms (cache revalidated)
145 http fetch GET 200 https://registry.npmjs.org/tr46 1070ms (cache revalidated)
146 http fetch GET 200 https://registry.npmjs.org/url-parse 1073ms (cache revalidated)
147 timing idealTree:node_modules/jsdom Completed in 2230ms
148 silly placeDep ROOT @asamuzakjp/css-color@3.2.0 OK for: cssstyle@4.6.0 want: ^3.2.0
149 silly placeDep node_modules/cssstyle rrweb-cssom@0.8.0 OK for: cssstyle@4.6.0 want: ^0.8.0
150 silly fetch manifest lru-cache@^10.4.3
151 silly fetch manifest @csstools/css-calc@^2.1.3
152 silly fetch manifest @csstools/css-tokenizer@^3.0.3
153 silly fetch manifest @csstools/css-color-parser@^3.0.9
154 silly fetch manifest @csstools/css-parser-algorithms@^3.0.4
155 http fetch GET 200 https://registry.npmjs.org/@csstools%2fcss-parser-algorithms 275ms (cache revalidated)
156 http fetch GET 200 https://registry.npmjs.org/lru-cache 277ms (cache revalidated)
157 http fetch GET 200 https://registry.npmjs.org/@csstools%2fcss-calc 295ms (cache revalidated)
158 http fetch GET 200 https://registry.npmjs.org/@csstools%2fcss-color-parser 295ms (cache revalidated)
159 http fetch GET 200 https://registry.npmjs.org/@csstools%2fcss-tokenizer 296ms (cache revalidated)
160 timing idealTree:node_modules/cssstyle Completed in 301ms
161 silly placeDep ROOT @csstools/css-calc@2.1.4 OK for: @asamuzakjp/css-color@3.2.0 want: ^2.1.3
162 silly placeDep ROOT @csstools/css-tokenizer@3.0.4 OK for: @csstools/css-calc@2.1.4 want: ^3.0.4
163 silly placeDep ROOT @csstools/css-parser-algorithms@3.0.5 OK for: @csstools/css-calc@2.1.4 want: ^3.0.5
164 silly placeDep ROOT @csstools/css-color-parser@3.1.0 OK for: @asamuzakjp/css-color@3.2.0 want: ^3.0.9
165 silly placeDep ROOT lru-cache@10.4.3 OK for: @asamuzakjp/css-color@3.2.0 want: ^10.4.3
166 silly fetch manifest @csstools/color-helpers@^5.1.0
167 http fetch GET 200 https://registry.npmjs.org/@csstools%2fcolor-helpers 280ms (cache revalidated)
168 timing idealTree:node_modules/@asamuzakjp/css-color Completed in 288ms
169 timing idealTree:node_modules/@csstools/css-calc Completed in 0ms
170 silly placeDep ROOT @csstools/color-helpers@5.1.0 OK for: @csstools/css-color-parser@3.1.0 want: ^5.1.0
171 timing idealTree:node_modules/@csstools/css-color-parser Completed in 1ms
172 timing idealTree:node_modules/@csstools/color-helpers Completed in 0ms
173 timing idealTree:node_modules/@csstools/css-parser-algorithms Completed in 0ms
174 timing idealTree:node_modules/@csstools/css-tokenizer Completed in 0ms
175 timing idealTree:node_modules/data-urls Completed in 0ms
176 timing idealTree:node_modules/decimal.js Completed in 0ms
177 silly placeDep ROOT asynckit@0.4.0 OK for: form-data@4.0.5 want: ^0.4.0
178 silly placeDep ROOT combined-stream@1.0.8 OK for: form-data@4.0.5 want: ^1.0.8
179 silly placeDep ROOT es-set-tostringtag@2.1.0 OK for: form-data@4.0.5 want: ^2.1.0
180 silly placeDep ROOT hasown@2.0.2 OK for: form-data@4.0.5 want: ^2.0.2
181 silly placeDep ROOT mime-types@2.1.35 OK for: form-data@4.0.5 want: ^2.1.12
182 silly fetch manifest delayed-stream@~1.0.0
183 silly fetch manifest es-errors@^1.3.0
184 silly fetch manifest get-intrinsic@^1.2.6
185 silly fetch manifest has-tostringtag@^1.0.2
186 silly fetch manifest function-bind@^1.1.2
187 silly fetch manifest mime-db@1.52.0
188 http fetch GET 200 https://registry.npmjs.org/function-bind 252ms (cache revalidated)
189 http fetch GET 200 https://registry.npmjs.org/delayed-stream 254ms (cache revalidated)
190 http fetch GET 200 https://registry.npmjs.org/get-intrinsic 253ms (cache revalidated)
191 http fetch GET 200 https://registry.npmjs.org/has-tostringtag 273ms (cache revalidated)
192 http fetch GET 200 https://registry.npmjs.org/mime-db 273ms (cache revalidated)
193 http fetch GET 200 https://registry.npmjs.org/es-errors 855ms (cache revalidated)
194 timing idealTree:node_modules/form-data Completed in 859ms
195 timing idealTree:node_modules/asynckit Completed in 0ms
196 silly placeDep ROOT delayed-stream@1.0.0 OK for: combined-stream@1.0.8 want: ~1.0.0
197 timing idealTree:node_modules/combined-stream Completed in 1ms
198 timing idealTree:node_modules/delayed-stream Completed in 0ms
199 silly placeDep ROOT es-errors@1.3.0 OK for: es-set-tostringtag@2.1.0 want: ^1.3.0
200 silly placeDep ROOT get-intrinsic@1.3.0 OK for: es-set-tostringtag@2.1.0 want: ^1.2.6
201 silly placeDep ROOT has-tostringtag@1.0.2 OK for: es-set-tostringtag@2.1.0 want: ^1.0.2
202 silly fetch manifest gopd@^1.2.0
203 silly fetch manifest get-proto@^1.0.1
204 silly fetch manifest has-symbols@^1.1.0
205 silly fetch manifest es-object-atoms@^1.1.1
206 silly fetch manifest math-intrinsics@^1.1.0
207 silly fetch manifest es-define-property@^1.0.1
208 silly fetch manifest call-bind-apply-helpers@^1.0.2
209 silly fetch manifest has-symbols@^1.0.3
210 http fetch GET 200 https://registry.npmjs.org/math-intrinsics 254ms (cache revalidated)
211 http fetch GET 200 https://registry.npmjs.org/gopd 257ms (cache revalidated)
212 http fetch GET 200 https://registry.npmjs.org/get-proto 257ms (cache revalidated)
213 http fetch GET 200 https://registry.npmjs.org/has-symbols 255ms (cache revalidated)
214 http fetch GET 200 https://registry.npmjs.org/es-object-atoms 257ms (cache revalidated)
215 http fetch GET 200 https://registry.npmjs.org/es-define-property 256ms (cache revalidated)
216 http fetch GET 200 https://registry.npmjs.org/call-bind-apply-helpers 270ms (cache revalidated)
217 http fetch GET 200 https://registry.npmjs.org/has-symbols 332ms (cache revalidated)
218 timing idealTree:node_modules/es-set-tostringtag Completed in 337ms
219 timing idealTree:node_modules/es-errors Completed in 0ms
220 silly placeDep ROOT call-bind-apply-helpers@1.0.2 OK for: get-intrinsic@1.3.0 want: ^1.0.2
221 silly placeDep ROOT es-define-property@1.0.1 OK for: get-intrinsic@1.3.0 want: ^1.0.1
222 silly placeDep ROOT es-object-atoms@1.1.1 OK for: get-intrinsic@1.3.0 want: ^1.1.1
223 silly placeDep ROOT function-bind@1.1.2 OK for: get-intrinsic@1.3.0 want: ^1.1.2
224 silly placeDep ROOT get-proto@1.0.1 OK for: get-intrinsic@1.3.0 want: ^1.0.1
225 silly placeDep ROOT gopd@1.2.0 OK for: get-intrinsic@1.3.0 want: ^1.2.0
226 silly placeDep ROOT has-symbols@1.1.0 OK for: get-intrinsic@1.3.0 want: ^1.1.0
227 silly placeDep ROOT math-intrinsics@1.1.0 OK for: get-intrinsic@1.3.0 want: ^1.1.0
228 silly fetch manifest dunder-proto@^1.0.1
229 http fetch GET 200 https://registry.npmjs.org/dunder-proto 252ms (cache revalidated)
230 timing idealTree:node_modules/get-intrinsic Completed in 259ms
231 timing idealTree:node_modules/call-bind-apply-helpers Completed in 0ms
232 timing idealTree:node_modules/es-define-property Completed in 0ms
233 timing idealTree:node_modules/es-object-atoms Completed in 0ms
234 timing idealTree:node_modules/function-bind Completed in 0ms
235 silly placeDep ROOT dunder-proto@1.0.1 OK for: get-proto@1.0.1 want: ^1.0.1
236 timing idealTree:node_modules/get-proto Completed in 1ms
237 timing idealTree:node_modules/dunder-proto Completed in 0ms
238 timing idealTree:node_modules/gopd Completed in 0ms
239 timing idealTree:node_modules/has-symbols Completed in 0ms
240 timing idealTree:node_modules/has-tostringtag Completed in 0ms
241 timing idealTree:node_modules/hasown Completed in 0ms
242 timing idealTree:node_modules/html-encoding-sniffer Completed in 0ms
243 silly placeDep ROOT agent-base@7.1.4 OK for: http-proxy-agent@7.0.2 want: ^7.1.0
244 silly placeDep ROOT debug@4.4.3 OK for: http-proxy-agent@7.0.2 want: ^4.3.4
245 silly fetch manifest ms@^2.1.3
246 http fetch GET 200 https://registry.npmjs.org/ms 248ms (cache revalidated)
247 timing idealTree:node_modules/http-proxy-agent Completed in 251ms
248 timing idealTree:node_modules/agent-base Completed in 0ms
249 silly placeDep ROOT ms@2.1.3 OK for: debug@4.4.3 want: ^2.1.3
250 timing idealTree:node_modules/debug Completed in 1ms
251 timing idealTree:node_modules/https-proxy-agent Completed in 0ms
252 timing idealTree:node_modules/is-potential-custom-element-name Completed in 0ms
253 timing idealTree:node_modules/lru-cache Completed in 0ms
254 timing idealTree:node_modules/math-intrinsics Completed in 0ms
255 silly placeDep ROOT mime-db@1.52.0 OK for: mime-types@2.1.35 want: 1.52.0
256 timing idealTree:node_modules/mime-types Completed in 0ms
257 timing idealTree:node_modules/mime-db Completed in 0ms
258 timing idealTree:node_modules/ms Completed in 0ms
259 timing idealTree:node_modules/nwsapi Completed in 0ms
260 silly placeDep ROOT entities@6.0.1 OK for: parse5@7.3.0 want: ^6.0.0
261 timing idealTree:node_modules/parse5 Completed in 1ms
262 timing idealTree:node_modules/entities Completed in 0ms
263 timing idealTree:node_modules/rrweb-cssom Completed in 0ms
264 silly placeDep ROOT xmlchars@2.2.0 OK for: saxes@6.0.0 want: ^2.2.0
265 timing idealTree:node_modules/saxes Completed in 1ms
266 timing idealTree:node_modules/symbol-tree Completed in 0ms
267 silly placeDep ROOT psl@1.15.0 OK for: tough-cookie@4.1.4 want: ^1.1.33
268 silly placeDep ROOT punycode@2.3.1 OK for: tough-cookie@4.1.4 want: ^2.1.1
269 silly placeDep ROOT universalify@0.2.0 OK for: tough-cookie@4.1.4 want: ^0.2.0
270 silly placeDep ROOT url-parse@1.5.10 OK for: tough-cookie@4.1.4 want: ^1.5.3
271 silly fetch manifest punycode@^2.3.1
272 silly fetch manifest querystringify@^2.1.1
273 silly fetch manifest requires-port@^1.0.0
274 http fetch GET 200 https://registry.npmjs.org/querystringify 801ms (cache revalidated)
275 http fetch GET 200 https://registry.npmjs.org/requires-port 832ms (cache revalidated)
276 timing idealTree:node_modules/tough-cookie Completed in 836ms
277 timing idealTree:node_modules/psl Completed in 0ms
278 timing idealTree:node_modules/punycode Completed in 0ms
279 timing idealTree:node_modules/universalify Completed in 0ms
280 silly placeDep ROOT querystringify@2.2.0 OK for: url-parse@1.5.10 want: ^2.1.1
281 silly placeDep ROOT requires-port@1.0.0 OK for: url-parse@1.5.10 want: ^1.0.0
282 timing idealTree:node_modules/url-parse Completed in 1ms
283 timing idealTree:node_modules/querystringify Completed in 0ms
284 timing idealTree:node_modules/requires-port Completed in 0ms
285 timing idealTree:node_modules/w3c-xmlserializer Completed in 0ms
286 timing idealTree:node_modules/webidl-conversions Completed in 0ms
287 silly placeDep ROOT iconv-lite@0.6.3 OK for: whatwg-encoding@3.1.1 want: 0.6.3
288 silly fetch manifest safer-buffer@>= 2.1.2 < 3.0.0
289 http fetch GET 200 https://registry.npmjs.org/safer-buffer 247ms (cache revalidated)
290 timing idealTree:node_modules/whatwg-encoding Completed in 248ms
291 silly placeDep ROOT safer-buffer@2.1.2 OK for: iconv-lite@0.6.3 want: >= 2.1.2 < 3.0.0
292 timing idealTree:node_modules/iconv-lite Completed in 1ms
293 timing idealTree:node_modules/safer-buffer Completed in 0ms
294 timing idealTree:node_modules/whatwg-mimetype Completed in 0ms
295 silly placeDep ROOT tr46@5.1.1 OK for: whatwg-url@14.2.0 want: ^5.1.0
296 timing idealTree:node_modules/whatwg-url Completed in 1ms
297 timing idealTree:node_modules/tr46 Completed in 0ms
298 timing idealTree:node_modules/ws Completed in 0ms
299 timing idealTree:node_modules/xml-name-validator Completed in 0ms
300 timing idealTree:node_modules/xmlchars Completed in 0ms
301 timing idealTree:node_modules/cssstyle/node_modules/rrweb-cssom Completed in 0ms
302 timing idealTree:buildDeps Completed in 50877ms
303 timing idealTree:fixDepFlags Completed in 1ms
304 timing idealTree Completed in 50888ms
305 timing reify:loadTrees Completed in 50888ms
306 timing reify:diffTrees Completed in 1ms
307 silly reify moves {}
308 timing reify:retireShallow Completed in 1ms
309 timing reify:createSparse Completed in 13ms
310 timing reify:loadBundles Completed in 0ms
311 silly audit bulk request {
311 silly audit   jsdom: [ '24.1.3' ],
311 silly audit   cssstyle: [ '4.6.0' ],
311 silly audit   'data-urls': [ '5.0.0' ],
311 silly audit   'decimal.js': [ '10.6.0' ],
311 silly audit   'form-data': [ '4.0.5' ],
311 silly audit   'html-encoding-sniffer': [ '4.0.0' ],
311 silly audit   'http-proxy-agent': [ '7.0.2' ],
311 silly audit   'https-proxy-agent': [ '7.0.6' ],
311 silly audit   'is-potential-custom-element-name': [ '1.0.1' ],
311 silly audit   nwsapi: [ '2.2.23' ],
311 silly audit   parse5: [ '7.3.0' ],
311 silly audit   'rrweb-cssom': [ '0.7.1', '0.8.0' ],
311 silly audit   saxes: [ '6.0.0' ],
311 silly audit   'symbol-tree': [ '3.2.4' ],
311 silly audit   'tough-cookie': [ '4.1.4' ],
311 silly audit   'w3c-xmlserializer': [ '5.0.0' ],
311 silly audit   'webidl-conversions': [ '7.0.0' ],
311 silly audit   'whatwg-encoding': [ '3.1.1' ],
311 silly audit   'whatwg-mimetype': [ '4.0.0' ],
311 silly audit   'whatwg-url': [ '14.2.0' ],
311 silly audit   ws: [ '8.20.0' ],
311 silly audit   'xml-name-validator': [ '5.0.0' ],
311 silly audit   '@asamuzakjp/css-color': [ '3.2.0' ],
311 silly audit   '@csstools/css-calc': [ '2.1.4' ],
311 silly audit   '@csstools/css-tokenizer': [ '3.0.4' ],
311 silly audit   '@csstools/css-parser-algorithms': [ '3.0.5' ],
311 silly audit   '@csstools/css-color-parser': [ '3.1.0' ],
311 silly audit   'lru-cache': [ '10.4.3' ],
311 silly audit   '@csstools/color-helpers': [ '5.1.0' ],
311 silly audit   asynckit: [ '0.4.0' ],
311 silly audit   'combined-stream': [ '1.0.8' ],
311 silly audit   'es-set-tostringtag': [ '2.1.0' ],
311 silly audit   hasown: [ '2.0.2' ],
311 silly audit   'mime-types': [ '2.1.35' ],
311 silly audit   'delayed-stream': [ '1.0.0' ],
311 silly audit   'es-errors': [ '1.3.0' ],
311 silly audit   'get-intrinsic': [ '1.3.0' ],
311 silly audit   'has-tostringtag': [ '1.0.2' ],
311 silly audit   'call-bind-apply-helpers': [ '1.0.2' ],
311 silly audit   'es-define-property': [ '1.0.1' ],
311 silly audit   'es-object-atoms': [ '1.1.1' ],
311 silly audit   'function-bind': [ '1.1.2' ],
311 silly audit   'get-proto': [ '1.0.1' ],
311 silly audit   gopd: [ '1.2.0' ],
311 silly audit   'has-symbols': [ '1.1.0' ],
311 silly audit   'math-intrinsics': [ '1.1.0' ],
311 silly audit   'dunder-proto': [ '1.0.1' ],
311 silly audit   'agent-base': [ '7.1.4' ],
311 silly audit   debug: [ '4.4.3' ],
311 silly audit   ms: [ '2.1.3' ],
311 silly audit   'mime-db': [ '1.52.0' ],
311 silly audit   entities: [ '6.0.1' ],
311 silly audit   xmlchars: [ '2.2.0' ],
311 silly audit   psl: [ '1.15.0' ],
311 silly audit   punycode: [ '2.3.1' ],
311 silly audit   universalify: [ '0.2.0' ],
311 silly audit   'url-parse': [ '1.5.10' ],
311 silly audit   querystringify: [ '2.2.0' ],
311 silly audit   'requires-port': [ '1.0.0' ],
311 silly audit   'iconv-lite': [ '0.6.3' ],
311 silly audit   'safer-buffer': [ '2.1.2' ],
311 silly audit   tr46: [ '5.1.1' ]
311 silly audit }
312 timing reifyNode:node_modules/querystringify Completed in 111ms
313 timing reifyNode:node_modules/universalify Completed in 111ms
314 timing reifyNode:node_modules/ms Completed in 111ms
315 timing reifyNode:node_modules/is-potential-custom-element-name Completed in 112ms
316 timing reifyNode:node_modules/xml-name-validator Completed in 115ms
317 timing reifyNode:node_modules/html-encoding-sniffer Completed in 115ms
318 timing reifyNode:node_modules/webidl-conversions Completed in 117ms
319 timing reifyNode:node_modules/mime-types Completed in 124ms
320 timing reifyNode:node_modules/combined-stream Completed in 124ms
321 timing reifyNode:node_modules/data-urls Completed in 125ms
322 timing reifyNode:node_modules/punycode Completed in 126ms
323 warn deprecated whatwg-encoding@3.1.1: Use @exodus/bytes instead for a more spec-conformant and faster implementation
324 timing reifyNode:node_modules/whatwg-encoding Completed in 134ms
325 timing reifyNode:node_modules/delayed-stream Completed in 134ms
326 timing reifyNode:node_modules/w3c-xmlserializer Completed in 136ms
327 timing reifyNode:node_modules/requires-port Completed in 140ms
328 timing reifyNode:node_modules/saxes Completed in 141ms
329 timing reifyNode:node_modules/safer-buffer Completed in 144ms
330 timing reifyNode:node_modules/debug Completed in 144ms
331 timing reifyNode:node_modules/@csstools/css-parser-algorithms Completed in 149ms
332 timing reifyNode:node_modules/url-parse Completed in 150ms
333 timing reifyNode:node_modules/@csstools/css-tokenizer Completed in 150ms
334 timing reifyNode:node_modules/symbol-tree Completed in 150ms
335 timing reifyNode:node_modules/@csstools/color-helpers Completed in 151ms
336 timing reifyNode:node_modules/@csstools/css-calc Completed in 152ms
337 timing reifyNode:node_modules/whatwg-mimetype Completed in 155ms
338 timing reifyNode:node_modules/@csstools/css-color-parser Completed in 156ms
339 timing reifyNode:node_modules/http-proxy-agent Completed in 156ms
340 timing reifyNode:node_modules/mime-db Completed in 157ms
341 timing reifyNode:node_modules/nwsapi Completed in 157ms
342 timing reifyNode:node_modules/form-data Completed in 159ms
343 timing reifyNode:node_modules/hasown Completed in 163ms
344 timing reifyNode:node_modules/get-intrinsic Completed in 164ms
345 timing reifyNode:node_modules/decimal.js Completed in 163ms
346 timing reifyNode:node_modules/es-set-tostringtag Completed in 164ms
347 timing reifyNode:node_modules/tr46 Completed in 166ms
348 timing reifyNode:node_modules/es-define-property Completed in 170ms
349 timing reifyNode:node_modules/gopd Completed in 174ms
350 timing reifyNode:node_modules/https-proxy-agent Completed in 175ms
351 timing reifyNode:node_modules/function-bind Completed in 176ms
352 timing reifyNode:node_modules/agent-base Completed in 176ms
353 timing reifyNode:node_modules/tough-cookie Completed in 177ms
354 timing reifyNode:node_modules/dunder-proto Completed in 182ms
355 timing reifyNode:node_modules/get-proto Completed in 184ms
356 timing reifyNode:node_modules/es-object-atoms Completed in 185ms
357 timing reifyNode:node_modules/has-tostringtag Completed in 189ms
358 timing reifyNode:node_modules/has-symbols Completed in 189ms
359 timing reifyNode:node_modules/whatwg-url Completed in 193ms
360 timing reifyNode:node_modules/asynckit Completed in 197ms
361 timing reifyNode:node_modules/xmlchars Completed in 198ms
362 timing reifyNode:node_modules/call-bind-apply-helpers Completed in 199ms
363 timing reifyNode:node_modules/ws Completed in 200ms
364 timing reifyNode:node_modules/es-errors Completed in 201ms
365 timing reifyNode:node_modules/psl Completed in 209ms
366 timing reifyNode:node_modules/rrweb-cssom Completed in 217ms
367 timing reifyNode:node_modules/lru-cache Completed in 219ms
368 timing reifyNode:node_modules/cssstyle/node_modules/rrweb-cssom Completed in 219ms
369 timing reifyNode:node_modules/math-intrinsics Completed in 225ms
370 timing reifyNode:node_modules/iconv-lite Completed in 230ms
371 timing reifyNode:node_modules/cssstyle Completed in 273ms
372 timing reifyNode:node_modules/parse5 Completed in 276ms
373 timing reifyNode:node_modules/@asamuzakjp/css-color Completed in 282ms
374 timing reifyNode:node_modules/entities Completed in 282ms
375 timing reifyNode:node_modules/jsdom Completed in 573ms
376 timing reify:unpack Completed in 576ms
377 timing reify:unretire Completed in 0ms
378 timing build:queue Completed in 1ms
379 timing build:deps Completed in 2ms
380 timing build Completed in 2ms
381 timing reify:build Completed in 2ms
382 timing reify:trash Completed in 0ms
383 http fetch POST 200 https://registry.npmjs.org/-/npm/v1/security/advisories/bulk 1127ms
384 timing auditReport:getReport Completed in 1129ms
385 silly audit report {}
386 timing auditReport:init Completed in 0ms
387 timing reify:audit Completed in 1129ms
388 timing reify Completed in 52037ms
389 silly ADD node_modules/tr46
390 silly ADD node_modules/safer-buffer
391 silly ADD node_modules/iconv-lite
392 silly ADD node_modules/requires-port
393 silly ADD node_modules/querystringify
394 silly ADD node_modules/url-parse
395 silly ADD node_modules/universalify
396 silly ADD node_modules/punycode
397 silly ADD node_modules/psl
398 silly ADD node_modules/xmlchars
399 silly ADD node_modules/entities
400 silly ADD node_modules/mime-db
401 silly ADD node_modules/ms
402 silly ADD node_modules/debug
403 silly ADD node_modules/agent-base
404 silly ADD node_modules/dunder-proto
405 silly ADD node_modules/math-intrinsics
406 silly ADD node_modules/has-symbols
407 silly ADD node_modules/gopd
408 silly ADD node_modules/get-proto
409 silly ADD node_modules/function-bind
410 silly ADD node_modules/es-object-atoms
411 silly ADD node_modules/es-define-property
412 silly ADD node_modules/call-bind-apply-helpers
413 silly ADD node_modules/has-tostringtag
414 silly ADD node_modules/get-intrinsic
415 silly ADD node_modules/es-errors
416 silly ADD node_modules/delayed-stream
417 silly ADD node_modules/mime-types
418 silly ADD node_modules/hasown
419 silly ADD node_modules/es-set-tostringtag
420 silly ADD node_modules/combined-stream
421 silly ADD node_modules/asynckit
422 silly ADD node_modules/@csstools/color-helpers
423 silly ADD node_modules/lru-cache
424 silly ADD node_modules/@csstools/css-color-parser
425 silly ADD node_modules/@csstools/css-parser-algorithms
426 silly ADD node_modules/@csstools/css-tokenizer
427 silly ADD node_modules/@csstools/css-calc
428 silly ADD node_modules/@asamuzakjp/css-color
429 silly ADD node_modules/xml-name-validator
430 silly ADD node_modules/ws
431 silly ADD node_modules/whatwg-url
432 silly ADD node_modules/whatwg-mimetype
433 silly ADD node_modules/whatwg-encoding
434 silly ADD node_modules/webidl-conversions
435 silly ADD node_modules/w3c-xmlserializer
436 silly ADD node_modules/tough-cookie
437 silly ADD node_modules/symbol-tree
438 silly ADD node_modules/saxes
439 silly ADD node_modules/rrweb-cssom
440 silly ADD node_modules/parse5
441 silly ADD node_modules/nwsapi
442 silly ADD node_modules/is-potential-custom-element-name
443 silly ADD node_modules/https-proxy-agent
444 silly ADD node_modules/http-proxy-agent
445 silly ADD node_modules/html-encoding-sniffer
446 silly ADD node_modules/form-data
447 silly ADD node_modules/decimal.js
448 silly ADD node_modules/data-urls
449 silly ADD node_modules/cssstyle
450 silly ADD node_modules/cssstyle/node_modules/rrweb-cssom
451 silly ADD node_modules/jsdom
452 timing command:install Completed in 52040ms
453 verbose exit 0
454 timing npm Completed in 52309ms
455 info ok
