0 verbose cli C:\nvm4w\nodejs\node.exe D:\resource\wintool\nvm-windows-master\nvm\v18.20.1\node_modules\npm\bin\npm-cli.js
1 info using npm@10.5.0
2 info using node@v18.20.1
3 timing npm:load:whichnode Completed in 2ms
4 timing config:load:defaults Completed in 1ms
5 timing config:load:file:D:\resource\wintool\nvm-windows-master\nvm\v18.20.1\node_modules\npm\npmrc Completed in 1ms
6 timing config:load:builtin Completed in 1ms
7 timing config:load:cli Completed in 1ms
8 timing config:load:env Completed in 1ms
9 timing config:load:file:D:\programss\p2\.npmrc Completed in 0ms
10 timing config:load:project Completed in 2ms
11 timing config:load:file:C:\Users\33671\.npmrc Completed in 1ms
12 timing config:load:user Completed in 2ms
13 timing config:load:file:C:\nvm4w\nodejs\etc\npmrc Completed in 0ms
14 timing config:load:global Completed in 0ms
15 timing config:load:setEnvs Completed in 0ms
16 timing config:load Completed in 8ms
17 timing npm:load:configload Completed in 9ms
18 timing config:load:flatten Completed in 2ms
19 timing npm:load:mkdirpcache Completed in 0ms
20 timing npm:load:mkdirplogs Completed in 1ms
21 verbose title npm exec node -e const {JSDOM, VirtualConsole} = require('jsdom'); const vc = new VirtualConsole(); vc.on('log', (...a)=>console.log('LOG', ...a)); vc.on('error', (...a)=>console.log('VCERROR', ...a)); vc.on('warn', (...a)=>console.log('WARN', ...a)); vc.on('jsdomError', e=>console.log('JSDOMERROR', e && (e.stack || e.message || e))); JSDOM.fromURL('http://127.0.0.1:8016/desktop/', { resources:'usable', runScripts:'dangerously', pretendToBeVisual:true, virtualConsole: vc }).then(dom => { dom.window.addEventListener('error', e => console.log('WINDOWERROR', e.error ? (e.error.stack || e.error.message) : e.message)); dom.window.addEventListener('unhandledrejection', e => console.log('REJECTION', e.reason && (e.reason.stack || e.reason.message || e.reason))); setTimeout(() => { const root = dom.window.document.getElementById('root'); console.log('READY', dom.window.document.readyState); console.log('ROOTLEN', root ? root.innerHTML.length : -1); console.log('ROOTHTML', root ? root.innerHTML.slice(0, 1500) : 'NO_ROOT'); process.exit(0); }, 8000); }).catch(err => { console.error('BOOTFAIL', err.stack || err); process.exit(1); });
22 verbose argv "exec" "--yes" "--package" "jsdom@24" "--" "node" "-e" "const {JSDOM, VirtualConsole} = require('jsdom'); const vc = new VirtualConsole(); vc.on('log', (...a)=>console.log('LOG', ...a)); vc.on('error', (...a)=>console.log('VCERROR', ...a)); vc.on('warn', (...a)=>console.log('WARN', ...a)); vc.on('jsdomError', e=>console.log('JSDOMERROR', e && (e.stack || e.message || e))); JSDOM.fromURL('http://127.0.0.1:8016/desktop/', { resources:'usable', runScripts:'dangerously', pretendToBeVisual:true, virtualConsole: vc }).then(dom => { dom.window.addEventListener('error', e => console.log('WINDOWERROR', e.error ? (e.error.stack || e.error.message) : e.message)); dom.window.addEventListener('unhandledrejection', e => console.log('REJECTION', e.reason && (e.reason.stack || e.reason.message || e.reason))); setTimeout(() => { const root = dom.window.document.getElementById('root'); console.log('READY', dom.window.document.readyState); console.log('ROOTLEN', root ? root.innerHTML.length : -1); console.log('ROOTHTML', root ? root.innerHTML.slice(0, 1500) : 'NO_ROOT'); process.exit(0); }, 8000); }).catch(err => { console.error('BOOTFAIL', err.stack || err); process.exit(1); });"
23 timing npm:load:setTitle Completed in 2ms
24 timing npm:load:display Completed in 0ms
25 verbose logfile logs-max:10 dir:D:\programss\p2\.tmp\npm-cache\_logs\2026-03-29T06_39_37_757Z-
26 verbose logfile D:\programss\p2\.tmp\npm-cache\_logs\2026-03-29T06_39_37_757Z-debug-0.log
27 timing npm:load:logFile Completed in 5ms
28 timing npm:load:timers Completed in 0ms
29 timing npm:load:configScope Completed in 1ms
30 timing npm:load Completed in 56ms
31 timing arborist:ctor Completed in 1ms
32 silly logfile done cleaning log files
33 http fetch GET 200 https://registry.npmjs.org/jsdom 2794ms (cache miss)
34 timing arborist:ctor Completed in 0ms
35 timing arborist:ctor Completed in 0ms
36 timing idealTree:init Completed in 3ms
37 timing idealTree:userRequests Completed in 1ms
38 silly idealTree buildDeps
39 silly fetch manifest jsdom@24.1.3
40 http fetch GET 200 https://registry.npmjs.org/npm 3977ms
41 http fetch GET 200 https://registry.npmjs.org/jsdom 1155ms (cache miss)
42 silly fetch manifest canvas@^2.11.2
43 http fetch GET 200 https://registry.npmjs.org/canvas 1347ms (cache miss)
44 silly placeDep ROOT jsdom@24.1.3 OK for:  want: 24.1.3
45 silly fetch manifest ws@^8.18.0
46 silly fetch manifest saxes@^6.0.0
47 silly fetch manifest nwsapi@^2.2.12
48 silly fetch manifest parse5@^7.1.2
49 silly fetch manifest cssstyle@^4.0.1
50 silly fetch manifest data-urls@^5.0.0
51 silly fetch manifest form-data@^4.0.0
52 silly fetch manifest decimal.js@^10.4.3
53 silly fetch manifest whatwg-url@^14.0.0
54 silly fetch manifest rrweb-cssom@^0.7.1
55 silly fetch manifest symbol-tree@^3.2.4
56 silly fetch manifest tough-cookie@^4.1.4
57 silly fetch manifest whatwg-encoding@^3.1.1
58 silly fetch manifest whatwg-mimetype@^4.0.0
59 silly fetch manifest http-proxy-agent@^7.0.2
60 silly fetch manifest https-proxy-agent@^7.0.5
61 silly fetch manifest w3c-xmlserializer@^5.0.0
62 silly fetch manifest webidl-conversions@^7.0.0
63 silly fetch manifest xml-name-validator@^5.0.0
64 silly fetch manifest html-encoding-sniffer@^4.0.0
65 silly fetch manifest is-potential-custom-element-name@^1.0.1
66 http fetch GET 200 https://registry.npmjs.org/saxes 631ms (cache miss)
67 http fetch GET 200 https://registry.npmjs.org/https-proxy-agent 1109ms (cache miss)
68 http fetch GET 200 https://registry.npmjs.org/ws 1116ms (cache miss)
69 http fetch GET 200 https://registry.npmjs.org/html-encoding-sniffer 1162ms (cache miss)
70 http fetch GET 200 https://registry.npmjs.org/xml-name-validator 1178ms (cache miss)
71 http fetch GET 200 https://registry.npmjs.org/rrweb-cssom 1208ms (cache miss)
72 http fetch GET 200 https://registry.npmjs.org/tough-cookie 1231ms (cache miss)
73 http fetch GET 200 https://registry.npmjs.org/symbol-tree 1367ms (cache miss)
74 http fetch GET 200 https://registry.npmjs.org/data-urls 1399ms (cache miss)
75 http fetch GET 200 https://registry.npmjs.org/cssstyle 1604ms (cache miss)
76 http fetch GET 200 https://registry.npmjs.org/decimal.js 1651ms (cache miss)
77 http fetch GET 200 https://registry.npmjs.org/parse5 1931ms (cache miss)
78 http fetch GET 200 https://registry.npmjs.org/whatwg-url 1947ms (cache miss)
79 http fetch GET 200 https://registry.npmjs.org/whatwg-encoding 2008ms (cache miss)
80 http fetch GET 200 https://registry.npmjs.org/w3c-xmlserializer 2026ms (cache miss)
81 http fetch GET 200 https://registry.npmjs.org/nwsapi 2321ms (cache miss)
82 http fetch GET 200 https://registry.npmjs.org/is-potential-custom-element-name 2394ms (cache miss)
83 http fetch GET 200 https://registry.npmjs.org/form-data 2400ms (cache miss)
84 http fetch GET 200 https://registry.npmjs.org/http-proxy-agent 2827ms (cache miss)
85 http fetch GET 200 https://registry.npmjs.org/webidl-conversions 3136ms (cache miss)
86 http fetch GET 200 https://registry.npmjs.org/whatwg-mimetype 7913ms (cache miss)
87 timing idealTree:#root Completed in 10437ms
88 silly fetch manifest bufferutil@^4.0.1
89 http fetch GET 200 https://registry.npmjs.org/bufferutil 549ms (cache miss)
90 silly fetch manifest utf-8-validate@>=5.0.2
91 http fetch GET 200 https://registry.npmjs.org/utf-8-validate 1237ms (cache miss)
92 silly placeDep ROOT cssstyle@4.6.0 OK for: jsdom@24.1.3 want: ^4.0.1
93 silly placeDep ROOT data-urls@5.0.0 OK for: jsdom@24.1.3 want: ^5.0.0
94 silly placeDep ROOT decimal.js@10.6.0 OK for: jsdom@24.1.3 want: ^10.4.3
95 silly placeDep ROOT form-data@4.0.5 OK for: jsdom@24.1.3 want: ^4.0.0
96 silly placeDep ROOT html-encoding-sniffer@4.0.0 OK for: jsdom@24.1.3 want: ^4.0.0
97 silly placeDep ROOT http-proxy-agent@7.0.2 OK for: jsdom@24.1.3 want: ^7.0.2
98 silly placeDep ROOT https-proxy-agent@7.0.6 OK for: jsdom@24.1.3 want: ^7.0.5
99 silly placeDep ROOT is-potential-custom-element-name@1.0.1 OK for: jsdom@24.1.3 want: ^1.0.1
100 silly placeDep ROOT nwsapi@2.2.23 OK for: jsdom@24.1.3 want: ^2.2.12
101 silly placeDep ROOT parse5@7.3.0 OK for: jsdom@24.1.3 want: ^7.1.2
102 silly placeDep ROOT rrweb-cssom@0.7.1 OK for: jsdom@24.1.3 want: ^0.7.1
103 silly placeDep ROOT saxes@6.0.0 OK for: jsdom@24.1.3 want: ^6.0.0
104 silly placeDep ROOT symbol-tree@3.2.4 OK for: jsdom@24.1.3 want: ^3.2.4
105 silly placeDep ROOT tough-cookie@4.1.4 OK for: jsdom@24.1.3 want: ^4.1.4
106 silly placeDep ROOT w3c-xmlserializer@5.0.0 OK for: jsdom@24.1.3 want: ^5.0.0
107 silly placeDep ROOT webidl-conversions@7.0.0 OK for: jsdom@24.1.3 want: ^7.0.0
108 silly placeDep ROOT whatwg-encoding@3.1.1 OK for: jsdom@24.1.3 want: ^3.1.1
109 silly placeDep ROOT whatwg-mimetype@4.0.0 OK for: jsdom@24.1.3 want: ^4.0.0
110 silly placeDep ROOT whatwg-url@14.2.0 OK for: jsdom@24.1.3 want: ^14.0.0
111 silly placeDep ROOT ws@8.20.0 OK for: jsdom@24.1.3 want: ^8.18.0
112 silly placeDep ROOT xml-name-validator@5.0.0 OK for: jsdom@24.1.3 want: ^5.0.0
113 silly fetch manifest rrweb-cssom@^0.8.0
114 silly fetch manifest @asamuzakjp/css-color@^3.2.0
115 silly fetch manifest asynckit@^0.4.0
116 silly fetch manifest combined-stream@^1.0.8
117 silly fetch manifest es-set-tostringtag@^2.1.0
118 silly fetch manifest hasown@^2.0.2
119 silly fetch manifest mime-types@^2.1.12
120 silly fetch manifest debug@^4.3.4
121 silly fetch manifest agent-base@^7.1.0
122 silly fetch manifest debug@4
123 silly fetch manifest agent-base@^7.1.2
124 silly fetch manifest entities@^6.0.0
125 silly fetch manifest xmlchars@^2.2.0
126 silly fetch manifest psl@^1.1.33
127 silly fetch manifest punycode@^2.1.1
128 silly fetch manifest url-parse@^1.5.3
129 silly fetch manifest universalify@^0.2.0
130 silly fetch manifest iconv-lite@0.6.3
131 silly fetch manifest tr46@^5.1.0
132 http fetch GET 200 https://registry.npmjs.org/es-set-tostringtag 259ms (cache miss)
133 http fetch GET 200 https://registry.npmjs.org/asynckit 262ms (cache miss)
134 http fetch GET 200 https://registry.npmjs.org/hasown 264ms (cache miss)
135 http fetch GET 200 https://registry.npmjs.org/mime-types 488ms (cache miss)
136 http fetch GET 200 https://registry.npmjs.org/agent-base 529ms (cache miss)
137 http fetch GET 200 https://registry.npmjs.org/entities 534ms (cache miss)
138 http fetch GET 200 https://registry.npmjs.org/debug 602ms (cache miss)
139 http fetch GET 200 https://registry.npmjs.org/@asamuzakjp%2fcss-color 627ms (cache miss)
140 http fetch GET 200 https://registry.npmjs.org/psl 714ms (cache miss)
141 http fetch GET 200 https://registry.npmjs.org/iconv-lite 736ms (cache miss)
142 http fetch GET 200 https://registry.npmjs.org/agent-base 754ms (cache miss)
143 http fetch GET 200 https://registry.npmjs.org/xmlchars 779ms (cache miss)
144 http fetch GET 200 https://registry.npmjs.org/tr46 809ms (cache miss)
145 http fetch GET 200 https://registry.npmjs.org/universalify 926ms (cache miss)
146 http fetch GET 200 https://registry.npmjs.org/debug 939ms (cache miss)
147 http fetch GET 200 https://registry.npmjs.org/punycode 957ms (cache miss)
148 http fetch GET 200 https://registry.npmjs.org/url-parse 1176ms (cache miss)
149 http fetch GET 200 https://registry.npmjs.org/combined-stream 1344ms (cache miss)
150 timing idealTree:node_modules/jsdom Completed in 3159ms
151 silly placeDep ROOT @asamuzakjp/css-color@3.2.0 OK for: cssstyle@4.6.0 want: ^3.2.0
152 silly placeDep node_modules/cssstyle rrweb-cssom@0.8.0 OK for: cssstyle@4.6.0 want: ^0.8.0
153 silly fetch manifest lru-cache@^10.4.3
154 silly fetch manifest @csstools/css-calc@^2.1.3
155 silly fetch manifest @csstools/css-tokenizer@^3.0.3
156 silly fetch manifest @csstools/css-color-parser@^3.0.9
157 silly fetch manifest @csstools/css-parser-algorithms@^3.0.4
158 http fetch GET 200 https://registry.npmjs.org/@csstools%2fcss-parser-algorithms 301ms (cache miss)
159 http fetch GET 200 https://registry.npmjs.org/@csstools%2fcss-color-parser 565ms (cache miss)
160 http fetch GET 200 https://registry.npmjs.org/@csstools%2fcss-tokenizer 567ms (cache miss)
161 http fetch GET 200 https://registry.npmjs.org/lru-cache 1195ms (cache miss)
162 http fetch GET 200 https://registry.npmjs.org/@csstools%2fcss-calc 1214ms (cache miss)
163 timing idealTree:node_modules/cssstyle Completed in 1219ms
164 silly placeDep ROOT @csstools/css-calc@2.1.4 OK for: @asamuzakjp/css-color@3.2.0 want: ^2.1.3
165 silly placeDep ROOT @csstools/css-tokenizer@3.0.4 OK for: @csstools/css-calc@2.1.4 want: ^3.0.4
166 silly placeDep ROOT @csstools/css-parser-algorithms@3.0.5 OK for: @csstools/css-calc@2.1.4 want: ^3.0.5
167 silly placeDep ROOT @csstools/css-color-parser@3.1.0 OK for: @asamuzakjp/css-color@3.2.0 want: ^3.0.9
168 silly placeDep ROOT lru-cache@10.4.3 OK for: @asamuzakjp/css-color@3.2.0 want: ^10.4.3
169 silly fetch manifest @csstools/color-helpers@^5.1.0
170 http fetch GET 200 https://registry.npmjs.org/@csstools%2fcolor-helpers 282ms (cache miss)
171 timing idealTree:node_modules/@asamuzakjp/css-color Completed in 290ms
172 timing idealTree:node_modules/@csstools/css-calc Completed in 0ms
173 silly placeDep ROOT @csstools/color-helpers@5.1.0 OK for: @csstools/css-color-parser@3.1.0 want: ^5.1.0
174 timing idealTree:node_modules/@csstools/css-color-parser Completed in 0ms
175 timing idealTree:node_modules/@csstools/color-helpers Completed in 0ms
176 timing idealTree:node_modules/@csstools/css-parser-algorithms Completed in 0ms
177 timing idealTree:node_modules/@csstools/css-tokenizer Completed in 0ms
178 timing idealTree:node_modules/data-urls Completed in 0ms
179 timing idealTree:node_modules/decimal.js Completed in 0ms
180 silly placeDep ROOT asynckit@0.4.0 OK for: form-data@4.0.5 want: ^0.4.0
181 silly placeDep ROOT combined-stream@1.0.8 OK for: form-data@4.0.5 want: ^1.0.8
182 silly placeDep ROOT es-set-tostringtag@2.1.0 OK for: form-data@4.0.5 want: ^2.1.0
183 silly placeDep ROOT hasown@2.0.2 OK for: form-data@4.0.5 want: ^2.0.2
184 silly placeDep ROOT mime-types@2.1.35 OK for: form-data@4.0.5 want: ^2.1.12
185 silly fetch manifest delayed-stream@~1.0.0
186 silly fetch manifest es-errors@^1.3.0
187 silly fetch manifest get-intrinsic@^1.2.6
188 silly fetch manifest has-tostringtag@^1.0.2
189 silly fetch manifest function-bind@^1.1.2
190 silly fetch manifest mime-db@1.52.0
191 http fetch GET 200 https://registry.npmjs.org/has-tostringtag 257ms (cache miss)
192 http fetch GET 200 https://registry.npmjs.org/es-errors 514ms (cache miss)
193 http fetch GET 200 https://registry.npmjs.org/function-bind 531ms (cache miss)
194 http fetch GET 200 https://registry.npmjs.org/delayed-stream 553ms (cache miss)
195 http fetch GET 200 https://registry.npmjs.org/get-intrinsic 751ms (cache miss)
196 http fetch GET 200 https://registry.npmjs.org/mime-db 1260ms (cache miss)
197 timing idealTree:node_modules/form-data Completed in 1268ms
198 timing idealTree:node_modules/asynckit Completed in 0ms
199 silly placeDep ROOT delayed-stream@1.0.0 OK for: combined-stream@1.0.8 want: ~1.0.0
200 timing idealTree:node_modules/combined-stream Completed in 1ms
201 timing idealTree:node_modules/delayed-stream Completed in 0ms
202 silly placeDep ROOT es-errors@1.3.0 OK for: es-set-tostringtag@2.1.0 want: ^1.3.0
203 silly placeDep ROOT get-intrinsic@1.3.0 OK for: es-set-tostringtag@2.1.0 want: ^1.2.6
204 silly placeDep ROOT has-tostringtag@1.0.2 OK for: es-set-tostringtag@2.1.0 want: ^1.0.2
205 silly fetch manifest gopd@^1.2.0
206 silly fetch manifest get-proto@^1.0.1
207 silly fetch manifest has-symbols@^1.1.0
208 silly fetch manifest es-object-atoms@^1.1.1
209 silly fetch manifest math-intrinsics@^1.1.0
210 silly fetch manifest es-define-property@^1.0.1
211 silly fetch manifest call-bind-apply-helpers@^1.0.2
212 silly fetch manifest has-symbols@^1.0.3
213 http fetch GET 200 https://registry.npmjs.org/has-symbols 236ms (cache miss)
214 http fetch GET 200 https://registry.npmjs.org/es-object-atoms 254ms (cache miss)
215 http fetch GET 200 https://registry.npmjs.org/get-proto 455ms (cache miss)
216 http fetch GET 200 https://registry.npmjs.org/es-define-property 503ms (cache miss)
217 http fetch GET 200 https://registry.npmjs.org/call-bind-apply-helpers 543ms (cache miss)
218 http fetch GET 200 https://registry.npmjs.org/math-intrinsics 732ms (cache miss)
219 http fetch GET 200 https://registry.npmjs.org/has-symbols 853ms (cache miss)
220 http fetch GET 200 https://registry.npmjs.org/gopd 1066ms (cache miss)
221 timing idealTree:node_modules/es-set-tostringtag Completed in 1069ms
222 timing idealTree:node_modules/es-errors Completed in 0ms
223 silly placeDep ROOT call-bind-apply-helpers@1.0.2 OK for: get-intrinsic@1.3.0 want: ^1.0.2
224 silly placeDep ROOT es-define-property@1.0.1 OK for: get-intrinsic@1.3.0 want: ^1.0.1
225 silly placeDep ROOT es-object-atoms@1.1.1 OK for: get-intrinsic@1.3.0 want: ^1.1.1
226 silly placeDep ROOT function-bind@1.1.2 OK for: get-intrinsic@1.3.0 want: ^1.1.2
227 silly placeDep ROOT get-proto@1.0.1 OK for: get-intrinsic@1.3.0 want: ^1.0.1
228 silly placeDep ROOT gopd@1.2.0 OK for: get-intrinsic@1.3.0 want: ^1.2.0
229 silly placeDep ROOT has-symbols@1.1.0 OK for: get-intrinsic@1.3.0 want: ^1.1.0
230 silly placeDep ROOT math-intrinsics@1.1.0 OK for: get-intrinsic@1.3.0 want: ^1.1.0
231 silly fetch manifest dunder-proto@^1.0.1
232 http fetch GET 200 https://registry.npmjs.org/dunder-proto 550ms (cache miss)
233 timing idealTree:node_modules/get-intrinsic Completed in 559ms
234 timing idealTree:node_modules/call-bind-apply-helpers Completed in 0ms
235 timing idealTree:node_modules/es-define-property Completed in 0ms
236 timing idealTree:node_modules/es-object-atoms Completed in 0ms
237 timing idealTree:node_modules/function-bind Completed in 0ms
238 silly placeDep ROOT dunder-proto@1.0.1 OK for: get-proto@1.0.1 want: ^1.0.1
239 timing idealTree:node_modules/get-proto Completed in 2ms
240 timing idealTree:node_modules/dunder-proto Completed in 0ms
241 timing idealTree:node_modules/gopd Completed in 0ms
242 timing idealTree:node_modules/has-symbols Completed in 0ms
243 timing idealTree:node_modules/has-tostringtag Completed in 0ms
244 timing idealTree:node_modules/hasown Completed in 0ms
245 timing idealTree:node_modules/html-encoding-sniffer Completed in 0ms
246 silly placeDep ROOT agent-base@7.1.4 OK for: http-proxy-agent@7.0.2 want: ^7.1.0
247 silly placeDep ROOT debug@4.4.3 OK for: http-proxy-agent@7.0.2 want: ^4.3.4
248 silly fetch manifest ms@^2.1.3
249 http fetch GET 200 https://registry.npmjs.org/ms 783ms (cache miss)
250 timing idealTree:node_modules/http-proxy-agent Completed in 786ms
251 timing idealTree:node_modules/agent-base Completed in 0ms
252 silly placeDep ROOT ms@2.1.3 OK for: debug@4.4.3 want: ^2.1.3
253 timing idealTree:node_modules/debug Completed in 2ms
254 timing idealTree:node_modules/https-proxy-agent Completed in 0ms
255 timing idealTree:node_modules/is-potential-custom-element-name Completed in 0ms
256 timing idealTree:node_modules/lru-cache Completed in 0ms
257 timing idealTree:node_modules/math-intrinsics Completed in 0ms
258 silly placeDep ROOT mime-db@1.52.0 OK for: mime-types@2.1.35 want: 1.52.0
259 timing idealTree:node_modules/mime-types Completed in 0ms
260 timing idealTree:node_modules/mime-db Completed in 0ms
261 timing idealTree:node_modules/ms Completed in 0ms
262 timing idealTree:node_modules/nwsapi Completed in 0ms
263 silly placeDep ROOT entities@6.0.1 OK for: parse5@7.3.0 want: ^6.0.0
264 timing idealTree:node_modules/parse5 Completed in 1ms
265 timing idealTree:node_modules/entities Completed in 0ms
266 timing idealTree:node_modules/rrweb-cssom Completed in 0ms
267 silly placeDep ROOT xmlchars@2.2.0 OK for: saxes@6.0.0 want: ^2.2.0
268 timing idealTree:node_modules/saxes Completed in 1ms
269 timing idealTree:node_modules/symbol-tree Completed in 0ms
270 silly placeDep ROOT psl@1.15.0 OK for: tough-cookie@4.1.4 want: ^1.1.33
271 silly placeDep ROOT punycode@2.3.1 OK for: tough-cookie@4.1.4 want: ^2.1.1
272 silly placeDep ROOT universalify@0.2.0 OK for: tough-cookie@4.1.4 want: ^0.2.0
273 silly placeDep ROOT url-parse@1.5.10 OK for: tough-cookie@4.1.4 want: ^1.5.3
274 silly fetch manifest punycode@^2.3.1
275 silly fetch manifest querystringify@^2.1.1
276 silly fetch manifest requires-port@^1.0.0
277 http fetch GET 200 https://registry.npmjs.org/requires-port 272ms (cache miss)
278 http fetch GET 200 https://registry.npmjs.org/querystringify 662ms (cache miss)
279 timing idealTree:node_modules/tough-cookie Completed in 668ms
280 timing idealTree:node_modules/psl Completed in 0ms
281 timing idealTree:node_modules/punycode Completed in 0ms
282 timing idealTree:node_modules/universalify Completed in 0ms
283 silly placeDep ROOT querystringify@2.2.0 OK for: url-parse@1.5.10 want: ^2.1.1
284 silly placeDep ROOT requires-port@1.0.0 OK for: url-parse@1.5.10 want: ^1.0.0
285 timing idealTree:node_modules/url-parse Completed in 3ms
286 timing idealTree:node_modules/querystringify Completed in 0ms
287 timing idealTree:node_modules/requires-port Completed in 0ms
288 timing idealTree:node_modules/w3c-xmlserializer Completed in 0ms
289 timing idealTree:node_modules/webidl-conversions Completed in 0ms
290 silly placeDep ROOT iconv-lite@0.6.3 OK for: whatwg-encoding@3.1.1 want: 0.6.3
291 silly fetch manifest safer-buffer@>= 2.1.2 < 3.0.0
292 http fetch GET 200 https://registry.npmjs.org/safer-buffer 833ms (cache miss)
293 timing idealTree:node_modules/whatwg-encoding Completed in 836ms
294 silly placeDep ROOT safer-buffer@2.1.2 OK for: iconv-lite@0.6.3 want: >= 2.1.2 < 3.0.0
295 timing idealTree:node_modules/iconv-lite Completed in 1ms
296 timing idealTree:node_modules/safer-buffer Completed in 0ms
297 timing idealTree:node_modules/whatwg-mimetype Completed in 0ms
298 silly placeDep ROOT tr46@5.1.1 OK for: whatwg-url@14.2.0 want: ^5.1.0
299 timing idealTree:node_modules/whatwg-url Completed in 2ms
300 timing idealTree:node_modules/tr46 Completed in 0ms
301 timing idealTree:node_modules/ws Completed in 0ms
302 timing idealTree:node_modules/xml-name-validator Completed in 0ms
303 timing idealTree:node_modules/xmlchars Completed in 0ms
304 timing idealTree:node_modules/cssstyle/node_modules/rrweb-cssom Completed in 0ms
305 timing idealTree:buildDeps Completed in 20307ms
306 timing idealTree:fixDepFlags Completed in 1ms
307 timing idealTree Completed in 20315ms
308 timing reify:loadTrees Completed in 20315ms
309 timing reify:diffTrees Completed in 2ms
310 silly reify moves {}
311 timing reify:retireShallow Completed in 2ms
312 timing reify:createSparse Completed in 17ms
313 timing reify:loadBundles Completed in 0ms
314 silly audit bulk request {
314 silly audit   jsdom: [ '24.1.3' ],
314 silly audit   cssstyle: [ '4.6.0' ],
314 silly audit   'data-urls': [ '5.0.0' ],
314 silly audit   'decimal.js': [ '10.6.0' ],
314 silly audit   'form-data': [ '4.0.5' ],
314 silly audit   'html-encoding-sniffer': [ '4.0.0' ],
314 silly audit   'http-proxy-agent': [ '7.0.2' ],
314 silly audit   'https-proxy-agent': [ '7.0.6' ],
314 silly audit   'is-potential-custom-element-name': [ '1.0.1' ],
314 silly audit   nwsapi: [ '2.2.23' ],
314 silly audit   parse5: [ '7.3.0' ],
314 silly audit   'rrweb-cssom': [ '0.7.1', '0.8.0' ],
314 silly audit   saxes: [ '6.0.0' ],
314 silly audit   'symbol-tree': [ '3.2.4' ],
314 silly audit   'tough-cookie': [ '4.1.4' ],
314 silly audit   'w3c-xmlserializer': [ '5.0.0' ],
314 silly audit   'webidl-conversions': [ '7.0.0' ],
314 silly audit   'whatwg-encoding': [ '3.1.1' ],
314 silly audit   'whatwg-mimetype': [ '4.0.0' ],
314 silly audit   'whatwg-url': [ '14.2.0' ],
314 silly audit   ws: [ '8.20.0' ],
314 silly audit   'xml-name-validator': [ '5.0.0' ],
314 silly audit   '@asamuzakjp/css-color': [ '3.2.0' ],
314 silly audit   '@csstools/css-calc': [ '2.1.4' ],
314 silly audit   '@csstools/css-tokenizer': [ '3.0.4' ],
314 silly audit   '@csstools/css-parser-algorithms': [ '3.0.5' ],
314 silly audit   '@csstools/css-color-parser': [ '3.1.0' ],
314 silly audit   'lru-cache': [ '10.4.3' ],
314 silly audit   '@csstools/color-helpers': [ '5.1.0' ],
314 silly audit   asynckit: [ '0.4.0' ],
314 silly audit   'combined-stream': [ '1.0.8' ],
314 silly audit   'es-set-tostringtag': [ '2.1.0' ],
314 silly audit   hasown: [ '2.0.2' ],
314 silly audit   'mime-types': [ '2.1.35' ],
314 silly audit   'delayed-stream': [ '1.0.0' ],
314 silly audit   'es-errors': [ '1.3.0' ],
314 silly audit   'get-intrinsic': [ '1.3.0' ],
314 silly audit   'has-tostringtag': [ '1.0.2' ],
314 silly audit   'call-bind-apply-helpers': [ '1.0.2' ],
314 silly audit   'es-define-property': [ '1.0.1' ],
314 silly audit   'es-object-atoms': [ '1.1.1' ],
314 silly audit   'function-bind': [ '1.1.2' ],
314 silly audit   'get-proto': [ '1.0.1' ],
314 silly audit   gopd: [ '1.2.0' ],
314 silly audit   'has-symbols': [ '1.1.0' ],
314 silly audit   'math-intrinsics': [ '1.1.0' ],
314 silly audit   'dunder-proto': [ '1.0.1' ],
314 silly audit   'agent-base': [ '7.1.4' ],
314 silly audit   debug: [ '4.4.3' ],
314 silly audit   ms: [ '2.1.3' ],
314 silly audit   'mime-db': [ '1.52.0' ],
314 silly audit   entities: [ '6.0.1' ],
314 silly audit   xmlchars: [ '2.2.0' ],
314 silly audit   psl: [ '1.15.0' ],
314 silly audit   punycode: [ '2.3.1' ],
314 silly audit   universalify: [ '0.2.0' ],
314 silly audit   'url-parse': [ '1.5.10' ],
314 silly audit   querystringify: [ '2.2.0' ],
314 silly audit   'requires-port': [ '1.0.0' ],
314 silly audit   'iconv-lite': [ '0.6.3' ],
314 silly audit   'safer-buffer': [ '2.1.2' ],
314 silly audit   tr46: [ '5.1.1' ]
314 silly audit }
315 silly tarball no local data for safer-buffer@https://registry.npmjs.org/safer-buffer/-/safer-buffer-2.1.2.tgz. Extracting by manifest.
316 silly tarball no local data for tr46@https://registry.npmjs.org/tr46/-/tr46-5.1.1.tgz. Extracting by manifest.
317 silly tarball no local data for querystringify@https://registry.npmjs.org/querystringify/-/querystringify-2.2.0.tgz. Extracting by manifest.
318 silly tarball no local data for requires-port@https://registry.npmjs.org/requires-port/-/requires-port-1.0.0.tgz. Extracting by manifest.
319 silly tarball no local data for iconv-lite@https://registry.npmjs.org/iconv-lite/-/iconv-lite-0.6.3.tgz. Extracting by manifest.
320 silly tarball no local data for url-parse@https://registry.npmjs.org/url-parse/-/url-parse-1.5.10.tgz. Extracting by manifest.
321 silly tarball no local data for xmlchars@https://registry.npmjs.org/xmlchars/-/xmlchars-2.2.0.tgz. Extracting by manifest.
322 silly tarball no local data for psl@https://registry.npmjs.org/psl/-/psl-1.15.0.tgz. Extracting by manifest.
323 silly tarball no local data for punycode@https://registry.npmjs.org/punycode/-/punycode-2.3.1.tgz. Extracting by manifest.
324 silly tarball no local data for universalify@https://registry.npmjs.org/universalify/-/universalify-0.2.0.tgz. Extracting by manifest.
325 silly tarball no local data for entities@https://registry.npmjs.org/entities/-/entities-6.0.1.tgz. Extracting by manifest.
326 silly tarball no local data for mime-db@https://registry.npmjs.org/mime-db/-/mime-db-1.52.0.tgz. Extracting by manifest.
327 silly tarball no local data for ms@https://registry.npmjs.org/ms/-/ms-2.1.3.tgz. Extracting by manifest.
328 silly tarball no local data for debug@https://registry.npmjs.org/debug/-/debug-4.4.3.tgz. Extracting by manifest.
329 silly tarball no local data for agent-base@https://registry.npmjs.org/agent-base/-/agent-base-7.1.4.tgz. Extracting by manifest.
330 silly tarball no local data for dunder-proto@https://registry.npmjs.org/dunder-proto/-/dunder-proto-1.0.1.tgz. Extracting by manifest.
331 silly tarball no local data for has-symbols@https://registry.npmjs.org/has-symbols/-/has-symbols-1.1.0.tgz. Extracting by manifest.
332 silly tarball no local data for math-intrinsics@https://registry.npmjs.org/math-intrinsics/-/math-intrinsics-1.1.0.tgz. Extracting by manifest.
333 silly tarball no local data for gopd@https://registry.npmjs.org/gopd/-/gopd-1.2.0.tgz. Extracting by manifest.
334 silly tarball no local data for get-proto@https://registry.npmjs.org/get-proto/-/get-proto-1.0.1.tgz. Extracting by manifest.
335 silly tarball no local data for function-bind@https://registry.npmjs.org/function-bind/-/function-bind-1.1.2.tgz. Extracting by manifest.
336 silly tarball no local data for es-object-atoms@https://registry.npmjs.org/es-object-atoms/-/es-object-atoms-1.1.1.tgz. Extracting by manifest.
337 silly tarball no local data for es-define-property@https://registry.npmjs.org/es-define-property/-/es-define-property-1.0.1.tgz. Extracting by manifest.
338 silly tarball no local data for es-errors@https://registry.npmjs.org/es-errors/-/es-errors-1.3.0.tgz. Extracting by manifest.
339 silly tarball no local data for has-tostringtag@https://registry.npmjs.org/has-tostringtag/-/has-tostringtag-1.0.2.tgz. Extracting by manifest.
340 silly tarball no local data for call-bind-apply-helpers@https://registry.npmjs.org/call-bind-apply-helpers/-/call-bind-apply-helpers-1.0.2.tgz. Extracting by manifest.
341 silly tarball no local data for get-intrinsic@https://registry.npmjs.org/get-intrinsic/-/get-intrinsic-1.3.0.tgz. Extracting by manifest.
342 silly tarball no local data for @csstools/color-helpers@https://registry.npmjs.org/@csstools/color-helpers/-/color-helpers-5.1.0.tgz. Extracting by manifest.
343 silly tarball no local data for mime-types@https://registry.npmjs.org/mime-types/-/mime-types-2.1.35.tgz. Extracting by manifest.
344 silly tarball no local data for delayed-stream@https://registry.npmjs.org/delayed-stream/-/delayed-stream-1.0.0.tgz. Extracting by manifest.
345 silly tarball no local data for combined-stream@https://registry.npmjs.org/combined-stream/-/combined-stream-1.0.8.tgz. Extracting by manifest.
346 silly tarball no local data for es-set-tostringtag@https://registry.npmjs.org/es-set-tostringtag/-/es-set-tostringtag-2.1.0.tgz. Extracting by manifest.
347 silly tarball no local data for @csstools/css-color-parser@https://registry.npmjs.org/@csstools/css-color-parser/-/css-color-parser-3.1.0.tgz. Extracting by manifest.
348 silly tarball no local data for asynckit@https://registry.npmjs.org/asynckit/-/asynckit-0.4.0.tgz. Extracting by manifest.
349 silly tarball no local data for hasown@https://registry.npmjs.org/hasown/-/hasown-2.0.2.tgz. Extracting by manifest.
350 silly tarball no local data for @csstools/css-parser-algorithms@https://registry.npmjs.org/@csstools/css-parser-algorithms/-/css-parser-algorithms-3.0.5.tgz. Extracting by manifest.
351 silly tarball no local data for lru-cache@https://registry.npmjs.org/lru-cache/-/lru-cache-10.4.3.tgz. Extracting by manifest.
352 silly tarball no local data for @csstools/css-calc@https://registry.npmjs.org/@csstools/css-calc/-/css-calc-2.1.4.tgz. Extracting by manifest.
353 silly tarball no local data for @asamuzakjp/css-color@https://registry.npmjs.org/@asamuzakjp/css-color/-/css-color-3.2.0.tgz. Extracting by manifest.
354 silly tarball no local data for xml-name-validator@https://registry.npmjs.org/xml-name-validator/-/xml-name-validator-5.0.0.tgz. Extracting by manifest.
355 silly tarball no local data for @csstools/css-tokenizer@https://registry.npmjs.org/@csstools/css-tokenizer/-/css-tokenizer-3.0.4.tgz. Extracting by manifest.
356 silly tarball no local data for whatwg-url@https://registry.npmjs.org/whatwg-url/-/whatwg-url-14.2.0.tgz. Extracting by manifest.
357 silly tarball no local data for ws@https://registry.npmjs.org/ws/-/ws-8.20.0.tgz. Extracting by manifest.
358 silly tarball no local data for whatwg-mimetype@https://registry.npmjs.org/whatwg-mimetype/-/whatwg-mimetype-4.0.0.tgz. Extracting by manifest.
359 silly tarball no local data for webidl-conversions@https://registry.npmjs.org/webidl-conversions/-/webidl-conversions-7.0.0.tgz. Extracting by manifest.
360 silly tarball no local data for whatwg-encoding@https://registry.npmjs.org/whatwg-encoding/-/whatwg-encoding-3.1.1.tgz. Extracting by manifest.
361 silly tarball no local data for w3c-xmlserializer@https://registry.npmjs.org/w3c-xmlserializer/-/w3c-xmlserializer-5.0.0.tgz. Extracting by manifest.
362 silly tarball no local data for symbol-tree@https://registry.npmjs.org/symbol-tree/-/symbol-tree-3.2.4.tgz. Extracting by manifest.
363 silly tarball no local data for saxes@https://registry.npmjs.org/saxes/-/saxes-6.0.0.tgz. Extracting by manifest.
364 silly tarball no local data for tough-cookie@https://registry.npmjs.org/tough-cookie/-/tough-cookie-4.1.4.tgz. Extracting by manifest.
365 silly tarball no local data for parse5@https://registry.npmjs.org/parse5/-/parse5-7.3.0.tgz. Extracting by manifest.
366 silly tarball no local data for nwsapi@https://registry.npmjs.org/nwsapi/-/nwsapi-2.2.23.tgz. Extracting by manifest.
367 silly tarball no local data for html-encoding-sniffer@https://registry.npmjs.org/html-encoding-sniffer/-/html-encoding-sniffer-4.0.0.tgz. Extracting by manifest.
368 silly tarball no local data for http-proxy-agent@https://registry.npmjs.org/http-proxy-agent/-/http-proxy-agent-7.0.2.tgz. Extracting by manifest.
369 silly tarball no local data for rrweb-cssom@https://registry.npmjs.org/rrweb-cssom/-/rrweb-cssom-0.7.1.tgz. Extracting by manifest.
370 silly tarball no local data for decimal.js@https://registry.npmjs.org/decimal.js/-/decimal.js-10.6.0.tgz. Extracting by manifest.
371 silly tarball no local data for is-potential-custom-element-name@https://registry.npmjs.org/is-potential-custom-element-name/-/is-potential-custom-element-name-1.0.1.tgz. Extracting by manifest.
372 silly tarball no local data for https-proxy-agent@https://registry.npmjs.org/https-proxy-agent/-/https-proxy-agent-7.0.6.tgz. Extracting by manifest.
373 silly tarball no local data for data-urls@https://registry.npmjs.org/data-urls/-/data-urls-5.0.0.tgz. Extracting by manifest.
374 silly tarball no local data for cssstyle@https://registry.npmjs.org/cssstyle/-/cssstyle-4.6.0.tgz. Extracting by manifest.
375 silly tarball no local data for form-data@https://registry.npmjs.org/form-data/-/form-data-4.0.5.tgz. Extracting by manifest.
376 silly tarball no local data for jsdom@https://registry.npmjs.org/jsdom/-/jsdom-24.1.3.tgz. Extracting by manifest.
377 silly tarball no local data for rrweb-cssom@https://registry.npmjs.org/rrweb-cssom/-/rrweb-cssom-0.8.0.tgz. Extracting by manifest.
378 http fetch POST 200 https://registry.npmjs.org/-/npm/v1/security/advisories/bulk 285ms
379 timing auditReport:getReport Completed in 287ms
380 silly audit report {}
381 timing auditReport:init Completed in 0ms
382 timing reify:audit Completed in 287ms
383 http fetch GET 200 https://registry.npmjs.org/requires-port/-/requires-port-1.0.0.tgz 291ms (cache miss)
384 http fetch GET 200 https://registry.npmjs.org/universalify/-/universalify-0.2.0.tgz 291ms (cache miss)
385 timing reifyNode:node_modules/universalify Completed in 316ms
386 timing reifyNode:node_modules/requires-port Completed in 317ms
387 http fetch GET 200 https://registry.npmjs.org/punycode/-/punycode-2.3.1.tgz 504ms (cache miss)
388 timing reifyNode:node_modules/punycode Completed in 530ms
389 http fetch GET 200 https://registry.npmjs.org/has-symbols/-/has-symbols-1.1.0.tgz 535ms (cache miss)
390 timing reifyNode:node_modules/has-symbols Completed in 564ms
391 http fetch GET 200 https://registry.npmjs.org/querystringify/-/querystringify-2.2.0.tgz 570ms (cache miss)
392 timing reifyNode:node_modules/querystringify Completed in 591ms
393 http fetch GET 200 https://registry.npmjs.org/xmlchars/-/xmlchars-2.2.0.tgz 598ms (cache miss)
394 timing reifyNode:node_modules/xmlchars Completed in 623ms
395 http fetch GET 200 https://registry.npmjs.org/url-parse/-/url-parse-1.5.10.tgz 602ms (cache miss)
396 timing reifyNode:node_modules/url-parse Completed in 625ms
397 http fetch GET 200 https://registry.npmjs.org/agent-base/-/agent-base-7.1.4.tgz 780ms (cache miss)
398 timing reifyNode:node_modules/agent-base Completed in 809ms
399 http fetch GET 200 https://registry.npmjs.org/tr46/-/tr46-5.1.1.tgz 890ms (cache miss)
400 timing reifyNode:node_modules/tr46 Completed in 913ms
401 http fetch GET 200 https://registry.npmjs.org/safer-buffer/-/safer-buffer-2.1.2.tgz 896ms (cache miss)
402 timing reifyNode:node_modules/safer-buffer Completed in 916ms
403 http fetch GET 200 https://registry.npmjs.org/dunder-proto/-/dunder-proto-1.0.1.tgz 979ms (cache miss)
404 timing reifyNode:node_modules/dunder-proto Completed in 1007ms
405 http fetch GET 200 https://registry.npmjs.org/debug/-/debug-4.4.3.tgz 990ms (cache miss)
406 timing reifyNode:node_modules/debug Completed in 1017ms
407 http fetch GET 200 https://registry.npmjs.org/es-define-property/-/es-define-property-1.0.1.tgz 1057ms (cache miss)
408 timing reifyNode:node_modules/es-define-property Completed in 1089ms
409 http fetch GET 200 https://registry.npmjs.org/ms/-/ms-2.1.3.tgz 1079ms (cache miss)
410 timing reifyNode:node_modules/ms Completed in 1108ms
411 http fetch GET 200 https://registry.npmjs.org/es-errors/-/es-errors-1.3.0.tgz 1286ms (cache miss)
412 timing reifyNode:node_modules/es-errors Completed in 1323ms
413 http fetch GET 200 https://registry.npmjs.org/mime-db/-/mime-db-1.52.0.tgz 1311ms (cache miss)
414 timing reifyNode:node_modules/mime-db Completed in 1337ms
415 http fetch GET 200 https://registry.npmjs.org/call-bind-apply-helpers/-/call-bind-apply-helpers-1.0.2.tgz 1495ms (cache miss)
416 timing reifyNode:node_modules/call-bind-apply-helpers Completed in 1532ms
417 http fetch GET 200 https://registry.npmjs.org/get-proto/-/get-proto-1.0.1.tgz 1522ms (cache miss)
418 timing reifyNode:node_modules/get-proto Completed in 1563ms
419 http fetch GET 200 https://registry.npmjs.org/es-object-atoms/-/es-object-atoms-1.1.1.tgz 1556ms (cache miss)
420 timing reifyNode:node_modules/es-object-atoms Completed in 1588ms
421 http fetch GET 200 https://registry.npmjs.org/psl/-/psl-1.15.0.tgz 1601ms (cache miss)
422 timing reifyNode:node_modules/psl Completed in 1626ms
423 http fetch GET 200 https://registry.npmjs.org/get-intrinsic/-/get-intrinsic-1.3.0.tgz 1641ms (cache miss)
424 timing reifyNode:node_modules/get-intrinsic Completed in 1679ms
425 http fetch GET 200 https://registry.npmjs.org/math-intrinsics/-/math-intrinsics-1.1.0.tgz 1770ms (cache miss)
426 timing reifyNode:node_modules/math-intrinsics Completed in 1800ms
427 http fetch GET 200 https://registry.npmjs.org/function-bind/-/function-bind-1.1.2.tgz 1796ms (cache miss)
428 timing reifyNode:node_modules/function-bind Completed in 1827ms
429 http fetch GET 200 https://registry.npmjs.org/@csstools/color-helpers/-/color-helpers-5.1.0.tgz 1812ms (cache miss)
430 timing reifyNode:node_modules/@csstools/color-helpers Completed in 1850ms
431 http fetch GET 200 https://registry.npmjs.org/delayed-stream/-/delayed-stream-1.0.0.tgz 1822ms (cache miss)
432 http fetch GET 200 https://registry.npmjs.org/combined-stream/-/combined-stream-1.0.8.tgz 1821ms (cache miss)
433 timing reifyNode:node_modules/combined-stream Completed in 1861ms
434 timing reifyNode:node_modules/delayed-stream Completed in 1861ms
435 http fetch GET 200 https://registry.npmjs.org/xml-name-validator/-/xml-name-validator-5.0.0.tgz 2064ms (cache miss)
436 timing reifyNode:node_modules/xml-name-validator Completed in 2107ms
437 http fetch GET 200 https://registry.npmjs.org/asynckit/-/asynckit-0.4.0.tgz 2089ms (cache miss)
438 timing reifyNode:node_modules/asynckit Completed in 2130ms
439 http fetch GET 200 https://registry.npmjs.org/iconv-lite/-/iconv-lite-0.6.3.tgz 2123ms (cache miss)
440 timing reifyNode:node_modules/iconv-lite Completed in 2146ms
441 http fetch GET 200 https://registry.npmjs.org/has-tostringtag/-/has-tostringtag-1.0.2.tgz 2352ms (cache miss)
442 timing reifyNode:node_modules/has-tostringtag Completed in 2388ms
443 http fetch GET 200 https://registry.npmjs.org/es-set-tostringtag/-/es-set-tostringtag-2.1.0.tgz 2430ms (cache miss)
444 timing reifyNode:node_modules/es-set-tostringtag Completed in 2469ms
445 http fetch GET 200 https://registry.npmjs.org/entities/-/entities-6.0.1.tgz 2655ms (cache miss)
446 timing reifyNode:node_modules/entities Completed in 2682ms
447 http fetch GET 200 https://registry.npmjs.org/mime-types/-/mime-types-2.1.35.tgz 2728ms (cache miss)
448 timing reifyNode:node_modules/mime-types Completed in 2767ms
449 http fetch GET 200 https://registry.npmjs.org/webidl-conversions/-/webidl-conversions-7.0.0.tgz 2910ms (cache miss)
450 timing reifyNode:node_modules/webidl-conversions Completed in 2956ms
451 http fetch GET 200 https://registry.npmjs.org/w3c-xmlserializer/-/w3c-xmlserializer-5.0.0.tgz 2940ms (cache miss)
452 timing reifyNode:node_modules/w3c-xmlserializer Completed in 2988ms
453 http fetch GET 200 https://registry.npmjs.org/@csstools/css-color-parser/-/css-color-parser-3.1.0.tgz 2981ms (cache miss)
454 timing reifyNode:node_modules/@csstools/css-color-parser Completed in 3021ms
455 http fetch GET 200 https://registry.npmjs.org/@csstools/css-parser-algorithms/-/css-parser-algorithms-3.0.5.tgz 3056ms (cache miss)
456 timing reifyNode:node_modules/@csstools/css-parser-algorithms Completed in 3098ms
457 http fetch GET 200 https://registry.npmjs.org/symbol-tree/-/symbol-tree-3.2.4.tgz 3067ms (cache miss)
458 timing reifyNode:node_modules/symbol-tree Completed in 3115ms
459 http fetch GET 200 https://registry.npmjs.org/@csstools/css-tokenizer/-/css-tokenizer-3.0.4.tgz 3117ms (cache miss)
460 timing reifyNode:node_modules/@csstools/css-tokenizer Completed in 3162ms
461 http fetch GET 200 https://registry.npmjs.org/whatwg-encoding/-/whatwg-encoding-3.1.1.tgz 3176ms (cache miss)
462 warn deprecated whatwg-encoding@3.1.1: Use @exodus/bytes instead for a more spec-conformant and faster implementation
463 timing reifyNode:node_modules/whatwg-encoding Completed in 3224ms
464 http fetch GET 200 https://registry.npmjs.org/ws/-/ws-8.20.0.tgz 3205ms (cache miss)
465 timing reifyNode:node_modules/ws Completed in 3250ms
466 http fetch GET 200 https://registry.npmjs.org/html-encoding-sniffer/-/html-encoding-sniffer-4.0.0.tgz 3353ms (cache miss)
467 timing reifyNode:node_modules/html-encoding-sniffer Completed in 3408ms
468 http fetch GET 200 https://registry.npmjs.org/http-proxy-agent/-/http-proxy-agent-7.0.2.tgz 3625ms (cache miss)
469 timing reifyNode:node_modules/http-proxy-agent Completed in 3680ms
470 http fetch GET 200 https://registry.npmjs.org/@csstools/css-calc/-/css-calc-2.1.4.tgz 3740ms (cache miss)
471 timing reifyNode:node_modules/@csstools/css-calc Completed in 3783ms
472 http fetch GET 200 https://registry.npmjs.org/saxes/-/saxes-6.0.0.tgz 3998ms (cache miss)
473 timing reifyNode:node_modules/saxes Completed in 4046ms
474 http fetch GET 200 https://registry.npmjs.org/tough-cookie/-/tough-cookie-4.1.4.tgz 4006ms (cache miss)
475 timing reifyNode:node_modules/tough-cookie Completed in 4055ms
476 http fetch GET 200 https://registry.npmjs.org/data-urls/-/data-urls-5.0.0.tgz 4097ms (cache miss)
477 timing reifyNode:node_modules/data-urls Completed in 4157ms
478 http fetch GET 200 https://registry.npmjs.org/whatwg-url/-/whatwg-url-14.2.0.tgz 4161ms (cache miss)
479 timing reifyNode:node_modules/whatwg-url Completed in 4205ms
480 http fetch GET 200 https://registry.npmjs.org/https-proxy-agent/-/https-proxy-agent-7.0.6.tgz 4184ms (cache miss)
481 timing reifyNode:node_modules/https-proxy-agent Completed in 4241ms
482 http fetch GET 200 https://registry.npmjs.org/is-potential-custom-element-name/-/is-potential-custom-element-name-1.0.1.tgz 4332ms (cache miss)
483 timing reifyNode:node_modules/is-potential-custom-element-name Completed in 4389ms
484 http fetch GET 200 https://registry.npmjs.org/whatwg-mimetype/-/whatwg-mimetype-4.0.0.tgz 4360ms (cache miss)
485 timing reifyNode:node_modules/whatwg-mimetype Completed in 4405ms
486 http fetch GET 200 https://registry.npmjs.org/hasown/-/hasown-2.0.2.tgz 4364ms (cache miss)
487 timing reifyNode:node_modules/hasown Completed in 4411ms
488 http fetch GET 200 https://registry.npmjs.org/gopd/-/gopd-1.2.0.tgz 4458ms (cache miss)
489 timing reifyNode:node_modules/gopd Completed in 4488ms
490 http fetch GET 200 https://registry.npmjs.org/rrweb-cssom/-/rrweb-cssom-0.8.0.tgz 4908ms (cache miss)
491 timing reifyNode:node_modules/cssstyle/node_modules/rrweb-cssom Completed in 4968ms
492 http fetch GET 200 https://registry.npmjs.org/form-data/-/form-data-4.0.5.tgz 5396ms (cache miss)
493 timing reifyNode:node_modules/form-data Completed in 5456ms
494 http fetch GET 200 https://registry.npmjs.org/decimal.js/-/decimal.js-10.6.0.tgz 5799ms (cache miss)
495 timing reifyNode:node_modules/decimal.js Completed in 5855ms
496 http fetch GET 200 https://registry.npmjs.org/parse5/-/parse5-7.3.0.tgz 5992ms (cache miss)
497 timing reifyNode:node_modules/parse5 Completed in 6046ms
498 http fetch GET 200 https://registry.npmjs.org/cssstyle/-/cssstyle-4.6.0.tgz 6207ms (cache miss)
499 timing reifyNode:node_modules/cssstyle Completed in 6266ms
500 http fetch GET 200 https://registry.npmjs.org/rrweb-cssom/-/rrweb-cssom-0.7.1.tgz 6257ms (cache miss)
501 timing reifyNode:node_modules/rrweb-cssom Completed in 6314ms
502 http fetch GET 200 https://registry.npmjs.org/nwsapi/-/nwsapi-2.2.23.tgz 6728ms (cache miss)
503 timing reifyNode:node_modules/nwsapi Completed in 6783ms
504 http fetch GET 200 https://registry.npmjs.org/lru-cache/-/lru-cache-10.4.3.tgz 8422ms (cache miss)
505 timing reifyNode:node_modules/lru-cache Completed in 8465ms
506 http fetch GET 200 https://registry.npmjs.org/@asamuzakjp/css-color/-/css-color-3.2.0.tgz 9914ms (cache miss)
507 timing reifyNode:node_modules/@asamuzakjp/css-color Completed in 9958ms
